timestamp,serial,frame,lat,lon,alt,vel_v,vel_h,heading,temp,humidity,pressure,type,freq_mhz,snr,f_error_hz,sats,batt_v,burst_timer,aux_data
2021-04-06T02:37:08.000Z,R5140539,1180,46.98020,15.48561,3121.2,4.3,15.5,6.8,-273.0,-1.0,-1.0,RS41,403.800,16.7,0,8,2.9,-1,-1
2021-04-06T02:37:09.000Z,R5140539,1181,46.98033,15.48564,3125.4,5.4,15.2,10.2,-273.0,-1.0,-1.0,RS41,403.800,16.2,0,8,2.9,-1,-1
2021-04-06T02:37:10.000Z,R5140539,1182,46.98046,15.48568,3130.1,5.2,14.0,13.2,-273.0,-1.0,-1.0,RS41,403.800,16.6,0,8,2.9,-1,-1
2021-04-06T02:37:13.000Z,R5140539,1185,46.98081,15.48575,3143.9,4.1,12.9,359.9,-273.0,-1.0,-1.0,RS41,403.800,17.5,0,8,2.9,-1,-1
2021-04-06T02:37:15.000Z,R5140539,1187,46.98107,15.48574,3153.1,5.0,15.8,359.4,-273.0,-1.0,-1.0,RS41,403.800,17.9,0,8,2.9,-1,-1
2021-04-06T02:37:18.000Z,R5140539,1190,46.98151,15.48580,3166.6,4.3,16.4,11.4,-273.0,-1.0,-1.0,RS41,403.800,15.6,0,8,2.9,-1,-1
2021-04-06T02:37:21.000Z,R5140539,1193,46.98189,15.48591,3182.5,5.7,12.8,5.0,-273.0,-1.0,-1.0,RS41,403.800,17.6,0,8,2.9,-1,-1
2021-04-06T02:37:22.000Z,R5140539,1194,46.98200,15.48592,3187.7,5.2,13.0,358.7,-273.0,-1.0,-1.0,RS41,403.800,17.6,0,7,2.9,-1,-1
2021-04-06T02:37:23.000Z,R5140539,1195,46.98212,15.48591,3192.0,4.5,14.6,354.8,-273.0,-1.0,-1.0,RS41,403.800,17.2,0,8,2.9,-1,-1
2021-04-06T02:37:24.000Z,R5140539,1196,46.98226,15.48590,3196.4,5.4,16.3,354.6,-273.0,-1.0,-1.0,RS41,403.800,15.4,0,8,2.9,-1,-1
2021-04-06T02:37:25.000Z,R5140539,1197,46.98241,15.48588,3201.3,5.5,17.6,356.6,-273.0,-1.0,-1.0,RS41,403.800,17.1,0,8,2.8,-1,-1
2021-04-06T02:37:26.000Z,R5140539,1198,46.98256,15.48588,3206.7,5.8,17.2,2.2,-273.0,-1.0,-1.0,RS41,403.800,17.1,0,7,2.9,-1,-1
2021-04-06T02:37:27.000Z,R5140539,1199,46.98271,15.48590,3212.9,7.0,16.7,10.5,-273.0,-1.0,-1.0,RS41,403.800,15.6,0,8,2.9,-1,-1
2021-04-06T02:37:29.000Z,R5140539,1201,46.98299,15.48599,3224.6,7.3,15.0,11.3,-273.0,-1.0,-1.0,RS41,403.800,13.9,0,8,2.9,-1,-1
2021-04-06T02:37:31.000Z,R5140539,1203,46.98324,15.48605,3235.0,6.4,14.4,4.1,-273.0,-1.0,-1.0,RS41,403.800,14.3,0,8,2.9,-1,-1
2021-04-06T02:37:32.000Z,R5140539,1204,46.98337,15.48606,3239.7,3.7,15.1,2.9,-273.0,-1.0,-1.0,RS41,403.800,14.0,0,7,2.9,-1,-1
2021-04-06T02:37:34.000Z,R5140539,1206,46.98366,15.48609,3248.0,5.5,17.0,6.2,-273.0,-1.0,-1.0,RS41,403.800,14.0,0,8,2.9,-1,-1
2021-04-06T02:37:37.000Z,R5140539,1209,46.98410,15.48620,3263.4,7.5,13.8,12.7,-273.0,-1.0,-1.0,RS41,403.800,9.9,0,8,2.9,-1,-1
2021-04-06T02:37:39.000Z,R5140539,1211,46.98431,15.48625,3278.8,7.9,10.8,5.9,-273.0,-1.0,-1.0,RS41,403.800,11.0,0,7,2.9,-1,-1
2021-04-06T02:37:42.000Z,R5140539,1214,46.98461,15.48632,3292.9,5.6,13.1,16.4,-273.0,-1.0,-1.0,RS41,403.800,15.1,0,8,2.9,-1,-1
2021-04-06T02:37:43.000Z,R5140539,1215,46.98473,15.48637,3298.8,6.0,14.4,15.7,-273.0,-1.0,-1.0,RS41,403.800,15.1,0,8,2.9,-1,-1
2021-04-06T02:37:44.000Z,R5140539,1216,46.98486,15.48642,3304.3,4.3,15.7,16.0,-273.0,-1.0,-1.0,RS41,403.800,14.5,0,8,2.9,-1,-1
2021-04-06T02:37:45.000Z,R5140539,1217,46.98500,15.48648,3308.5,4.4,16.0,19.2,-273.0,-1.0,-1.0,RS41,403.800,13.4,0,8,2.9,-1,-1
2021-04-06T02:37:47.000Z,R5140539,1219,46.98526,15.48662,3319.0,6.6,13.8,20.0,-273.0,-1.0,-1.0,RS41,403.800,15.0,0,8,2.8,-1,-1
2021-04-06T02:37:48.000Z,R5140539,1220,46.98538,15.48668,3324.2,4.0,12.8,17.1,-273.0,-1.0,-1.0,RS41,403.800,13.4,0,7,2.9,-1,-1
2021-04-06T02:37:52.000Z,R5140539,1224,46.98582,15.48671,3344.5,3.4,13.4,357.3,-273.0,-1.0,-1.0,RS41,403.800,13.0,0,7,2.9,-1,-1
2021-04-06T02:37:53.000Z,R5140539,1225,46.98595,15.48670,3349.4,5.1,15.5,2.2,-273.0,-1.0,-1.0,RS41,403.800,10.8,0,8,2.9,-1,-1
2021-04-06T02:37:54.000Z,R5140539,1226,46.98610,15.48672,3356.1,7.4,17.1,9.6,-273.0,-1.0,-1.0,RS41,403.800,12.7,0,8,2.9,-1,-1
2021-04-06T02:37:56.000Z,R5140539,1228,46.98640,15.48682,3369.2,5.8,16.8,13.8,-273.0,-1.0,-1.0,RS41,403.800,13.3,0,8,2.9,-1,-1
2021-04-06T02:37:58.000Z,R5140539,1230,46.98667,15.48690,3382.7,5.1,14.8,8.4,-273.0,-1.0,-1.0,RS41,403.800,11.6,0,8,2.9,-1,-1
2021-04-06T02:37:59.000Z,R5140539,1231,46.98680,15.48693,3388.4,7.8,13.5,9.0,-273.0,-1.0,-1.0,RS41,403.800,9.2,0,8,2.9,-1,-1
2021-04-06T02:38:02.000Z,R5140539,1234,46.98713,15.48701,3406.1,7.7,11.7,3.6,-273.0,-1.0,-1.0,RS41,403.800,9.6,0,8,2.9,-1,-1
2021-04-06T02:38:12.000Z,R5140539,1244,46.98837,15.48713,3469.1,5.9,14.3,15.1,-273.0,-1.0,-1.0,RS41,403.800,13.1,0,8,2.9,-1,-1
2021-04-06T02:38:17.000Z,R5140539,1249,46.98896,15.48737,3499.2,4.5,14.7,13.1,-273.0,-1.0,-1.0,RS41,403.800,13.1,0,7,2.8,-1,-1
2021-04-06T02:38:18.000Z,R5140539,1250,46.98909,15.48741,3504.1,5.7,15.0,10.2,-273.0,-1.0,-1.0,RS41,403.800,11.1,0,8,2.9,-1,-1
2021-04-06T02:38:20.000Z,R5140539,1252,46.98935,15.48746,3517.9,5.2,13.1,8.6,-273.0,-1.0,-1.0,RS41,403.800,14.5,0,8,2.9,-1,-1
2021-04-06T02:38:21.000Z,R5140539,1253,46.98946,15.48749,3523.2,5.1,13.1,12.2,-273.0,-1.0,-1.0,RS41,403.800,14.4,0,8,2.9,-1,-1
2021-04-06T02:38:23.000Z,R5140539,1255,46.98970,15.48761,3534.3,7.1,15.2,23.1,-273.0,-1.0,-1.0,RS41,403.800,16.6,0,8,2.9,-1,-1
2021-04-06T02:38:24.000Z,R5140539,1256,46.98983,15.48769,3539.2,3.3,16.0,23.3,-273.0,-1.0,-1.0,RS41,403.800,16.6,0,8,2.9,-1,-1
2021-04-06T02:38:25.000Z,R5140539,1257,46.98995,15.48777,3543.9,6.0,14.8,23.3,-273.0,-1.0,-1.0,RS41,403.800,15.8,0,8,2.9,-1,-1
2021-04-06T02:38:28.000Z,R5140539,1260,46.99032,15.48794,3564.9,7.6,14.0,16.2,-273.0,-1.0,-1.0,RS41,403.800,16.6,0,8,2.9,-1,-1
2021-04-06T02:38:29.000Z,R5140539,1261,46.99043,15.48799,3571.6,6.0,13.1,19.0,-273.0,-1.0,-1.0,RS41,403.800,15.6,0,8,2.9,-1,-1
2021-04-06T02:38:30.000Z,R5140539,1262,46.99055,15.48805,3577.0,5.0,13.0,18.8,-273.0,-1.0,-1.0,RS41,403.800,16.4,0,8,2.9,-1,-1
2021-04-06T02:38:32.000Z,R5140539,1264,46.99075,15.48814,3588.8,7.0,11.2,13.5,-273.0,-1.0,-1.0,RS41,403.800,16.6,0,8,2.9,-1,-1
2021-04-06T02:38:33.000Z,R5140539,1265,46.99085,15.48817,3596.2,7.2,12.7,9.2,-273.0,-1.0,-1.0,RS41,403.800,14.4,0,8,2.9,-1,-1
2021-04-06T02:38:36.000Z,R5140539,1268,46.99125,15.48829,3616.8,5.5,15.7,14.6,-273.0,-1.0,-1.0,RS41,403.800,16.3,0,8,2.8,-1,-1
2021-04-06T02:38:40.000Z,R5140539,1272,46.99179,15.48844,3639.2,5.5,16.3,9.1,-273.0,-1.0,-1.0,RS41,403.800,13.9,0,8,2.9,-1,-1
2021-04-06T02:38:41.000Z,R5140539,1273,46.99193,15.48848,3644.4,5.5,16.9,13.8,-273.0,-1.0,-1.0,RS41,403.800,14.6,0,8,2.9,-1,-1
2021-04-06T02:38:46.000Z,R5140539,1278,46.99256,15.48885,3674.8,8.0,13.4,14.8,-273.0,-1.0,-1.0,RS41,403.800,16.3,0,8,2.8,-1,-1
2021-04-06T02:38:47.000Z,R5140539,1279,46.99267,15.48890,3680.6,4.5,13.8,13.2,-273.0,-1.0,-1.0,RS41,403.800,14.6,0,8,2.9,-1,-1
2021-04-06T02:38:50.000Z,R5140539,1282,46.99306,15.48908,3700.1,6.6,14.9,21.5,-273.0,-1.0,-1.0,RS41,403.800,14.5,0,8,2.9,-1,-1
2021-04-06T02:38:53.000Z,R5140539,1285,46.99344,15.48928,3717.2,6.5,16.0,17.7,-273.0,-1.0,-1.0,RS41,403.800,14.0,0,8,2.9,-1,-1
2021-04-06T02:38:59.000Z,R5140539,1291,46.99418,15.48973,3750.8,6.6,15.0,18.0,-273.0,-1.0,-1.0,RS41,403.800,12.2,0,8,2.9,-1,-1
2021-04-06T02:39:38.000Z,R5140539,1330,46.99900,15.49281,3971.3,6.6,14.9,26.9,-273.0,-1.0,-1.0,RS41,403.800,11.0,0,8,2.9,-1,-1
2021-04-06T02:39:40.000Z,R5140539,1332,46.99921,15.49299,3983.5,3.8,13.4,33.8,-273.0,-1.0,-1.0,RS41,403.800,11.2,0,8,2.9,-1,-1
2021-04-06T02:39:42.000Z,R5140539,1334,46.99941,15.49322,3993.5,7.2,16.0,38.6,-273.0,-1.0,-1.0,RS41,403.800,13.5,0,8,2.9,-1,-1
2021-04-06T02:39:43.000Z,R5140539,1335,46.99953,15.49335,3999.9,6.0,17.1,36.5,-273.0,-1.0,-1.0,RS41,403.800,12.6,0,8,2.9,-1,-1
2021-04-06T02:39:44.000Z,R5140539,1336,46.99965,15.49348,4005.3,5.9,16.4,34.2,-273.0,-1.0,-1.0,RS41,403.800,12.6,0,8,2.9,-1,-1
2021-04-06T02:39:48.000Z,R5140539,1340,47.00009,15.49392,4028.2,6.5,14.6,38.0,-273.0,-1.0,-1.0,RS41,403.800,13.3,0,8,2.9,-1,-1
2021-04-06T02:39:50.000Z,R5140539,1342,47.00031,15.49415,4037.6,6.0,14.8,30.5,-273.0,-1.0,-1.0,RS41,403.800,17.4,0,8,2.9,-1,-1
2021-04-06T02:39:51.000Z,R5140539,1343,47.00042,15.49424,4044.1,7.5,14.2,25.4,-273.0,-1.0,-1.0,RS41,403.800,14.3,0,8,2.9,-1,-1
2021-04-06T02:39:52.000Z,R5140539,1344,47.00054,15.49432,4050.3,3.9,14.3,23.8,-273.0,-1.0,-1.0,RS41,403.800,14.1,0,8,2.9,-1,-1
2021-04-06T02:39:54.000Z,R5140539,1346,47.00078,15.49449,4061.5,7.0,16.4,27.7,-273.0,-1.0,-1.0,RS41,403.800,14.4,0,8,2.9,-1,-1
2021-04-06T02:40:00.000Z,R5140539,1352,47.00149,15.49519,4092.5,4.2,13.7,37.7,-273.0,-1.0,-1.0,RS41,403.800,14.6,0,8,2.9,-1,-1
2021-04-06T02:40:01.000Z,R5140539,1353,47.00160,15.49530,4097.6,6.0,14.9,36.6,-273.0,-1.0,-1.0,RS41,403.800,13.8,0,8,2.9,-1,-1
2021-04-06T02:40:02.000Z,R5140539,1354,47.00171,15.49542,4103.6,5.5,16.2,35.7,-273.0,-1.0,-1.0,RS41,403.800,15.0,0,8,2.9,-1,-1
2021-04-06T02:40:05.000Z,R5140539,1357,47.00207,15.49580,4119.4,6.1,14.6,34.0,-273.0,-1.0,-1.0,RS41,403.800,17.5,0,8,2.9,-1,-1
2021-04-06T02:40:06.000Z,R5140539,1358,47.00217,15.49589,4124.8,5.4,12.9,30.8,-273.0,-1.0,-1.0,RS41,403.800,17.5,0,8,2.9,-1,-1
2021-04-06T02:40:07.000Z,R5140539,1359,47.00227,15.49598,4130.8,6.8,12.1,28.7,-273.0,-1.0,-1.0,RS41,403.800,17.0,0,8,2.9,-1,-1
2021-04-06T02:40:11.000Z,R5140539,1363,47.00267,15.49641,4154.4,5.6,16.6,42.3,-273.0,-1.0,-1.0,RS41,403.800,17.4,0,8,2.8,-1,-1
2021-04-06T02:40:12.000Z,R5140539,1364,47.00278,15.49655,4159.0,4.3,16.0,43.8,-273.0,-1.0,-1.0,RS41,403.800,18.8,0,8,2.9,-1,-1
2021-04-06T02:40:13.000Z,R5140539,1365,47.00288,15.49669,4164.5,7.5,15.5,38.5,-273.0,-1.0,-1.0,RS41,403.800,18.8,0,8,2.9,-1,-1
2021-04-06T02:40:14.000Z,R5140539,1366,47.00300,15.49680,4171.5,5.8,14.8,32.9,-273.0,-1.0,-1.0,RS41,403.800,18.5,0,8,2.9,-1,-1
2021-04-06T02:40:15.000Z,R5140539,1367,47.00311,15.49691,4176.4,4.6,14.7,31.6,-273.0,-1.0,-1.0,RS41,403.800,18.5,0,8,2.9,-1,-1
2021-04-06T02:40:16.000Z,R5140539,1368,47.00322,15.49701,4181.2,5.1,14.5,32.6,-273.0,-1.0,-1.0,RS41,403.800,18.4,0,8,2.9,-1,-1
2021-04-06T02:40:17.000Z,R5140539,1369,47.00333,15.49711,4187.3,6.8,13.8,36.4,-273.0,-1.0,-1.0,RS41,403.800,18.4,0,8,2.9,-1,-1
2021-04-06T02:40:18.000Z,R5140539,1370,47.00343,15.49722,4193.6,6.3,13.4,37.0,-273.0,-1.0,-1.0,RS41,403.800,17.6,0,8,2.9,-1,-1
2021-04-06T02:40:19.000Z,R5140539,1371,47.00352,15.49732,4198.8,5.1,13.4,33.0,-273.0,-1.0,-1.0,RS41,403.800,16.2,0,8,2.8,-1,-1
2021-04-06T02:40:21.000Z,R5140539,1373,47.00375,15.49750,4209.8,6.7,15.8,27.3,-273.0,-1.0,-1.0,RS41,403.800,18.2,0,8,2.9,-1,-1
2021-04-06T02:40:23.000Z,R5140539,1375,47.00401,15.49770,4220.0,5.1,16.0,28.4,-273.0,-1.0,-1.0,RS41,403.800,18.8,0,8,2.9,-1,-1
2021-04-06T02:40:24.000Z,R5140539,1376,47.00413,15.49779,4225.1,5.9,14.4,28.3,-273.0,-1.0,-1.0,RS41,403.800,18.7,0,8,2.9,-1,-1
2021-04-06T02:40:25.000Z,R5140539,1377,47.00423,15.49788,4230.7,6.4,13.3,26.5,-273.0,-1.0,-1.0,RS41,403.800,18.3,0,8,2.9,-1,-1
2021-04-06T02:40:27.000Z,R5140539,1379,47.00445,15.49803,4240.6,5.0,14.1,26.4,-273.0,-1.0,-1.0,RS41,403.800,17.2,0,7,2.8,-1,-1
2021-04-06T02:40:29.000Z,R5140539,1381,47.00468,15.49822,4253.7,5.5,14.8,35.6,-273.0,-1.0,-1.0,RS41,403.800,18.9,0,8,2.9,-1,-1
2021-04-06T02:40:30.000Z,R5140539,1382,47.00478,15.49834,4259.7,6.9,14.2,37.6,-19.6,-1.0,-1.0,RS41,403.800,18.9,0,8,2.9,-1,-1
2021-04-06T02:40:31.000Z,R5140539,1383,47.00488,15.49844,4265.2,4.1,13.6,35.3,-19.6,-1.0,-1.0,RS41,403.800,17.9,0,8,2.9,-1,-1
2021-04-06T02:40:32.000Z,R5140539,1384,47.00499,15.49854,4269.6,4.8,14.1,28.7,-19.7,-1.0,-1.0,RS41,403.800,17.9,0,8,2.9,-1,-1
2021-04-06T02:40:35.000Z,R5140539,1387,47.00536,15.49882,4284.6,3.7,15.8,30.4,-19.8,-1.0,-1.0,RS41,403.800,19.2,0,8,2.9,-1,-1
2021-04-06T02:40:36.000Z,R5140539,1388,47.00547,15.49891,4289.8,6.4,14.3,30.2,-19.8,-1.0,-1.0,RS41,403.800,21.3,0,8,2.9,-1,-1
2021-04-06T02:40:37.000Z,R5140539,1389,47.00558,15.49900,4295.9,5.9,13.3,28.8,-19.8,-1.0,-1.0,RS41,403.800,21.3,0,8,2.9,-1,-1
2021-04-06T02:40:38.000Z,R5140539,1390,47.00568,15.49909,4301.0,4.4,13.3,28.3,-19.9,-1.0,-1.0,RS41,403.800,19.2,0,7,2.9,-1,-1
2021-04-06T02:40:39.000Z,R5140539,1391,47.00579,15.49918,4305.1,5.0,13.9,30.2,-19.9,-1.0,-1.0,RS41,403.800,18.7,0,7,2.9,-1,-1
2021-04-06T02:40:40.000Z,R5140539,1392,47.00590,15.49927,4311.5,6.9,15.4,32.3,-19.9,-1.0,-1.0,RS41,403.800,20.2,0,8,2.9,-1,-1
2021-04-06T02:40:42.000Z,R5140539,1394,47.00613,15.49952,4323.4,4.3,16.2,37.0,-20.0,-1.0,-1.0,RS41,403.800,19.6,0,8,2.8,-1,-1
2021-04-06T02:40:43.000Z,R5140539,1395,47.00625,15.49964,4328.3,6.4,15.5,34.2,-20.1,-1.0,-1.0,RS41,403.800,21.0,0,8,2.9,-1,-1
2021-04-06T02:40:44.000Z,R5140539,1396,47.00637,15.49974,4336.6,8.7,14.3,27.3,-20.1,81.7,-1.0,RS41,403.800,21.0,0,8,2.9,-1,-1
2021-04-06T02:40:45.000Z,R5140539,1397,47.00648,15.49982,4345.5,9.4,14.2,23.2,-20.0,81.1,-1.0,RS41,403.800,19.5,0,8,2.9,-1,-1
2021-04-06T02:40:46.000Z,R5140539,1398,47.00659,15.49990,4354.3,8.5,13.5,31.9,-20.1,81.2,-1.0,RS41,403.800,19.5,0,8,2.9,-1,-1
2021-04-06T02:40:47.000Z,R5140539,1399,47.00669,15.50001,4362.9,9.1,13.9,42.7,-20.0,80.1,-1.0,RS41,403.800,19.0,0,8,2.9,-1,-1
2021-04-06T02:40:48.000Z,R5140539,1400,47.00678,15.50013,4369.8,5.0,13.7,48.2,-19.9,79.5,-1.0,RS41,403.800,19.6,0,8,2.9,-1,-1
2021-04-06T02:40:50.000Z,R5140539,1402,47.00694,15.50040,4383.0,8.3,13.9,46.4,-19.8,78.1,-1.0,RS41,403.800,19.0,0,7,2.9,-1,-1
2021-04-06T02:40:51.000Z,R5140539,1403,47.00703,15.50053,4390.1,7.1,14.5,40.8,-20.2,80.6,-1.0,RS41,403.800,17.1,0,8,2.9,-1,-1
2021-04-06T02:40:52.000Z,R5140539,1404,47.00713,15.50066,4396.8,6.8,15.8,35.8,-20.1,80.6,-1.0,RS41,403.800,17.1,0,8,2.9,-1,-1
2021-04-06T02:40:53.000Z,R5140539,1405,47.00726,15.50078,4404.6,9.1,17.7,30.2,-20.0,79.2,-1.0,RS41,403.800,14.9,0,8,2.9,-1,-1
2021-04-06T02:40:54.000Z,R5140539,1406,47.00739,15.50090,4410.5,4.8,17.7,32.9,-19.9,78.6,-1.0,RS41,403.800,14.9,0,8,2.9,-1,-1
2021-04-06T02:40:56.000Z,R5140539,1408,47.00768,15.50116,4420.6,5.9,21.3,33.4,-20.0,78.2,-1.0,RS41,403.800,15.7,0,8,2.8,-1,-1
2021-04-06T02:40:57.000Z,R5140539,1409,47.00784,15.50132,4424.9,2.8,20.8,36.3,-20.1,79.1,-1.0,RS41,403.800,15.5,0,8,2.9,-1,-1
2021-04-06T02:40:59.000Z,R5140539,1411,47.00813,15.50168,4432.6,5.6,22.3,45.8,-20.1,78.6,-1.0,RS41-SG,403.800,16.8,0,8,2.9,-1,-1
2021-04-06T02:41:00.000Z,R5140539,1412,47.00826,15.50189,4436.6,3.3,20.8,49.1,-20.2,79.3,-1.0,RS41-SG,403.800,16.8,0,8,2.9,-1,-1
2021-04-06T02:41:01.000Z,R5140539,1413,47.00839,15.50209,4441.1,6.1,21.6,43.2,-20.2,79.0,-1.0,RS41-SG,403.800,16.7,0,8,2.9,-1,-1
2021-04-06T02:41:02.000Z,R5140539,1414,47.00854,15.50228,4446.6,6.4,22.6,40.6,-20.2,79.0,-1.0,RS41-SG,403.800,16.6,0,7,2.9,-1,-1
2021-04-06T02:41:03.000Z,R5140539,1415,47.00870,15.50247,4452.3,5.1,21.9,37.5,-20.2,79.1,-1.0,RS41-SG,403.800,18.0,0,8,2.8,-1,-1
2021-04-06T02:41:04.000Z,R5140539,1416,47.00885,15.50265,4457.0,6.2,21.9,40.5,-20.2,78.6,-1.0,RS41-SG,403.800,18.0,0,8,2.9,-1,-1
2021-04-06T02:41:05.000Z,R5140539,1417,47.00900,15.50284,4463.0,7.3,22.4,45.4,-20.3,79.7,-1.0,RS41-SG,403.800,17.7,0,8,2.9,-1,-1
2021-04-06T02:41:07.000Z,R5140539,1419,47.00926,15.50323,4474.6,8.2,17.7,48.0,-20.3,78.0,-1.0,RS41-SG,403.800,19.3,0,8,2.9,-1,-1
2021-04-06T02:41:08.000Z,R5140539,1420,47.00936,15.50339,4480.8,5.2,16.6,43.7,-20.2,77.0,-1.0,RS41-SG,403.800,17.2,0,8,2.9,-1,-1
2021-04-06T02:41:09.000Z,R5140539,1421,47.00948,15.50354,4484.9,4.9,16.6,38.8,-20.2,77.0,-1.0,RS41-SG,403.800,17.2,0,8,2.9,-1,-1
2021-04-06T02:41:11.000Z,R5140539,1423,47.00972,15.50380,4496.4,6.9,16.9,31.3,-20.4,78.2,-1.0,RS41-SG,403.800,16.4,0,8,2.9,-1,-1
2021-04-06T02:41:13.000Z,R5140539,1425,47.00998,15.50403,4508.0,7.2,15.8,33.9,-20.5,78.4,-1.0,RS41-SG,403.800,16.6,0,8,2.9,-1,-1
2021-04-06T02:41:14.000Z,R5140539,1426,47.01008,15.50415,4516.5,9.1,14.5,43.4,-20.5,78.2,-1.0,RS41-SG,403.800,16.4,0,8,2.9,-1,-1
2021-04-06T02:41:15.000Z,R5140539,1427,47.01017,15.50428,4523.2,4.7,14.0,46.5,-20.6,79.2,-1.0,RS41-SG,403.800,16.4,0,8,2.9,-1,-1
2021-04-06T02:41:16.000Z,R5140539,1428,47.01025,15.50442,4527.8,5.0,13.5,51.8,-20.6,79.6,-1.0,RS41-SG,403.800,16.3,0,8,2.9,-1,-1
2021-04-06T02:41:17.000Z,R5140539,1429,47.01033,15.50455,4533.6,8.4,13.3,48.7,-20.7,79.1,-1.0,RS41-SG,403.800,16.3,0,8,2.8,-1,-1
2021-04-06T02:41:20.000Z,R5140539,1432,47.01060,15.50498,4554.5,7.4,16.3,51.5,-21.0,81.3,-1.0,RS41-SG,403.800,16.9,0,7,2.9,-1,-1
2021-04-06T02:41:21.000Z,R5140539,1433,47.01069,15.50515,4562.0,7.0,17.2,55.9,-21.0,82.3,-1.0,RS41-SG,403.800,17.5,0,8,2.9,-1,-1
2021-04-06T02:41:22.000Z,R5140539,1434,47.01078,15.50534,4568.5,6.3,17.1,56.9,-21.0,81.4,-1.0,RS41-SG,403.800,19.6,0,8,2.9,-1,-1
2021-04-06T02:41:23.000Z,R5140539,1435,47.01086,15.50553,4574.2,5.9,16.8,55.1,-21.1,81.8,-1.0,RS41-SG,403.800,19.6,0,7,2.9,-1,-1
2021-04-06T02:41:24.000Z,R5140539,1436,47.01095,15.50571,4579.2,3.8,17.1,53.0,-21.1,82.7,-1.0,RS41-SG,403.800,15.6,0,8,2.8,-1,-1
2021-04-06T02:41:25.000Z,R5140539,1437,47.01105,15.50588,4583.8,5.3,17.4,49.7,-21.1,82.2,-1.0,RS41-SG,403.800,13.5,0,7,2.9,-1,-1
2021-04-06T02:41:26.000Z,R5140539,1438,47.01116,15.50605,4590.0,7.4,17.7,44.7,-21.2,81.9,-1.0,RS41-SG,403.800,13.3,0,8,2.9,-1,-1
2021-04-06T02:41:27.000Z,R5140539,1439,47.01128,15.50622,4596.9,7.0,18.1,42.6,-21.3,82.6,-1.0,RS41-SG,403.800,12.5,0,8,2.9,-1,-1
2021-04-06T02:41:29.000Z,R5140539,1441,47.01153,15.50656,4610.5,7.0,20.4,43.6,-21.6,84.5,-1.0,RS41-SG,403.800,14.3,0,8,2.9,-1,-1
2021-04-06T02:41:30.000Z,R5140539,1442,47.01166,15.50675,4617.7,7.6,21.9,45.4,-21.6,84.4,-1.0,RS41-SG,403.800,17.0,0,8,2.9,-1,-1
2021-04-06T02:41:31.000Z,R5140539,1443,47.01180,15.50696,4623.4,4.1,22.1,50.7,-21.6,84.7,-1.0,RS41-SG,403.800,17.0,0,7,2.8,-1,-1
2021-04-06T02:41:32.000Z,R5140539,1444,47.01192,15.50719,4628.1,6.0,21.1,52.6,-21.5,84.7,-1.0,RS41-SG,403.800,17.4,0,7,2.9,-1,-1
2021-04-06T02:41:33.000Z,R5140539,1445,47.01202,15.50741,4635.0,8.9,19.6,56.1,-21.5,83.8,-1.0,RS41-SG,403.800,17.4,0,7,2.9,-1,-1
2021-04-06T02:41:34.000Z,R5140539,1446,47.01212,15.50762,4641.9,6.1,18.7,57.9,-21.5,84.3,-1.0,RS41-SG,403.800,16.3,0,7,2.9,-1,-1
2021-04-06T02:41:39.000Z,R5140539,1451,47.01263,15.50874,4670.0,7.3,22.8,59.7,-21.6,80.8,-1.0,RS41-SG,403.800,16.1,0,7,2.8,-1,-1
2021-04-06T02:41:41.000Z,R5140539,1453,47.01285,15.50925,4682.8,6.7,23.3,56.2,-21.7,81.8,-1.0,RS41-SG,403.800,16.9,0,7,2.9,-1,-1
2021-04-06T02:41:42.000Z,R5140539,1454,47.01297,15.50951,4688.3,4.9,22.9,53.9,-21.8,82.0,-1.0,RS41-SG,403.800,16.7,0,8,2.9,-1,-1
2021-04-06T02:41:43.000Z,R5140539,1455,47.01309,15.50975,4693.2,5.2,23.2,50.5,-21.8,81.9,-1.0,RS41-SG,403.800,15.6,0,8,2.9,-1,-1
2021-04-06T02:41:44.000Z,R5140539,1456,47.01322,15.50998,4698.4,6.5,22.2,48.1,-21.8,81.4,-1.0,RS41-SG,403.800,15.6,0,8,2.9,-1,-1
2021-04-06T02:41:45.000Z,R5140539,1457,47.01336,15.51019,4704.1,6.0,21.3,45.1,-21.9,81.5,-1.0,RS41-SG,403.800,15.4,0,8,2.9,-1,-1
2021-04-06T02:41:47.000Z,R5140539,1459,47.01363,15.51059,4715.7,8.0,22.7,46.6,-22.0,80.2,-1.0,RS41-SG,403.800,16.2,0,8,2.9,-1,-1
2021-04-06T02:41:49.000Z,R5140539,1461,47.01390,15.51105,4728.8,6.7,22.4,51.5,-22.1,80.2,-1.0,RS41-SG,403.800,17.4,0,8,2.9,-1,-1
2021-04-06T02:41:50.000Z,R5140539,1462,47.01402,15.51128,4736.4,9.4,21.0,54.8,-22.1,80.4,-1.0,RS41-SG,403.800,17.2,0,8,2.8,-1,-1
2021-04-06T02:41:51.000Z,R5140539,1463,47.01412,15.51151,4742.1,3.3,20.8,58.6,-22.2,82.1,-1.0,RS41-SG,403.800,14.7,0,8,2.8,-1,-1
2021-04-06T02:41:52.000Z,R5140539,1464,47.01421,15.51175,4747.4,7.7,20.7,64.1,-22.2,81.6,-1.0,RS41-SG,403.800,14.2,0,8,2.9,-1,-1
2021-04-06T02:41:53.000Z,R5140539,1465,47.01429,15.51199,4754.0,5.9,21.4,64.2,-22.3,81.6,-1.0,RS41-SG,403.800,15.4,0,7,2.9,-1,-1
2021-04-06T02:41:55.000Z,R5140539,1467,47.01446,15.51250,4763.8,7.0,20.5,61.9,-22.4,81.2,-1.0,RS41-SG,403.800,17.7,0,7,2.9,-1,-1
2021-04-06T02:41:56.000Z,R5140539,1468,47.01455,15.51273,4770.7,6.6,19.9,60.4,-22.4,80.9,-1.0,RS41-SG,403.800,17.6,0,8,2.9,-1,-1
2021-04-06T02:41:57.000Z,R5140539,1469,47.01464,15.51296,4776.0,5.1,19.9,62.7,-22.5,80.8,-1.0,RS41-SG,403.800,16.8,0,8,2.9,-1,-1
2021-04-06T02:41:58.000Z,R5140539,1470,47.01472,15.51320,4782.4,7.5,20.5,64.1,-22.5,79.8,-1.0,RS41-SG,403.800,17.7,0,7,2.9,-1,-1
2021-04-06T02:41:59.000Z,R5140539,1471,47.01480,15.51344,4788.7,4.9,21.6,60.3,-22.6,79.8,-1.0,RS41-SG,403.800,17.7,0,8,2.9,-1,-1
2021-04-06T02:42:00.000Z,R5140539,1472,47.01490,15.51369,4795.3,7.8,22.7,59.2,-22.6,76.5,-1.0,RS41-SG,403.800,16.8,0,8,2.9,-1,-1
2021-04-06T02:42:01.000Z,R5140539,1473,47.01501,15.51394,4801.8,6.5,22.6,56.7,-22.6,75.3,-1.0,RS41-SG,403.800,16.9,0,8,2.9,-1,-1
2021-04-06T02:42:03.000Z,R5140539,1475,47.01523,15.51443,4813.8,6.7,21.8,58.8,-22.8,75.4,-1.0,RS41-SG,403.800,18.1,0,8,2.8,-1,-1
2021-04-06T02:42:05.000Z,R5140539,1477,47.01542,15.51494,4826.3,4.6,22.4,63.6,-22.9,76.0,-1.0,RS41-SG,403.800,19.2,0,8,2.9,-1,-1
2021-04-06T02:42:07.000Z,R5140539,1479,47.01562,15.51546,4837.7,7.4,22.5,56.7,-23.0,75.6,-1.0,RS41-SG,403.800,17.7,0,8,2.9,-1,-1
2021-04-06T02:42:08.000Z,R5140539,1480,47.01573,15.51571,4843.9,6.5,22.3,53.9,-23.0,75.9,-1.0,RS41-SG,403.800,16.5,0,8,2.9,-1,-1
2021-04-06T02:42:09.000Z,R5140539,1481,47.01586,15.51594,4849.9,5.4,22.6,51.8,-23.1,76.1,-1.0,RS41-SG,403.800,16.5,0,8,2.9,-1,-1
2021-04-06T02:42:10.000Z,R5140539,1482,47.01598,15.51617,4855.8,6.5,22.5,53.9,-23.1,75.4,-1.0,RS41-SG,403.800,16.2,0,8,2.9,-1,-1
2021-04-06T02:42:12.000Z,R5140539,1484,47.01619,15.51666,4868.8,6.4,21.1,59.8,-23.2,76.2,-1.0,RS41-SG,403.800,16.9,0,8,2.9,-1,-1
2021-04-06T02:42:13.000Z,R5140539,1485,47.01628,15.51690,4874.0,6.0,20.0,61.6,-23.3,76.2,-1.0,RS41-SG,403.800,15.6,0,8,2.8,-1,-1
2021-04-06T02:42:14.000Z,R5140539,1486,47.01637,15.51713,4880.1,6.1,19.6,59.4,-23.3,76.2,-1.0,RS41-SG,403.800,14.4,0,8,2.9,-1,-1
2021-04-06T02:42:15.000Z,R5140539,1487,47.01646,15.51735,4887.0,7.5,20.6,55.6,-23.4,76.2,-1.0,RS41-SG,403.800,14.6,0,8,2.9,-1,-1
2021-04-06T02:42:16.000Z,R5140539,1488,47.01657,15.51758,4893.3,6.4,22.0,57.3,-23.4,76.4,-1.0,RS41-SG,403.800,14.6,0,8,2.9,-1,-1
2021-04-06T02:42:17.000Z,R5140539,1489,47.01668,15.51784,4898.5,4.9,23.3,58.7,-23.5,76.7,-1.0,RS41-SG,403.800,14.5,0,8,2.9,-1,-1
2021-04-06T02:42:18.000Z,R5140539,1490,47.01678,15.51810,4903.8,6.1,23.5,61.7,-23.5,76.6,-1.0,RS41-SG,403.800,14.9,0,8,2.9,-1,-1
2021-04-06T02:42:19.000Z,R5140539,1491,47.01688,15.51837,4910.2,6.7,22.6,63.5,-23.6,76.4,-1.0,RS41-SG,403.800,14.9,0,8,2.8,-1,-1
2021-04-06T02:42:20.000Z,R5140539,1492,47.01697,15.51863,4917.1,6.6,21.8,62.5,-23.6,76.9,-1.0,RS41-SG,403.800,13.8,0,8,2.9,-1,-1
2021-04-06T02:42:22.000Z,R5140539,1494,47.01717,15.51913,4930.7,7.0,23.1,58.1,-23.7,76.9,-1.0,RS41-SG,403.800,17.4,0,8,2.9,-1,-1
2021-04-06T02:42:23.000Z,R5140539,1495,47.01728,15.51939,4936.9,5.8,23.8,57.8,-23.8,77.4,-1.0,RS41-SG,403.800,14.3,0,8,2.9,-1,-1
2021-04-06T02:42:25.000Z,R5140539,1497,47.01751,15.51991,4946.5,4.3,22.7,55.4,-23.9,77.8,-1.0,RS41-SG,403.800,16.1,0,8,2.8,-1,-1
2021-04-06T02:42:27.000Z,R5140539,1499,47.01774,15.52038,4957.5,5.3,21.8,55.4,-24.0,77.5,-1.0,RS41-SG,403.800,19.4,0,8,2.9,-1,-1
2021-04-06T02:42:28.000Z,R5140539,1500,47.01785,15.52062,4963.6,7.0,22.2,57.0,-24.0,77.8,-1.0,RS41-SG,403.800,19.0,0,8,2.9,-1,-1
2021-04-06T02:42:29.000Z,R5140539,1501,47.01796,15.52087,4968.9,5.5,22.4,57.4,-24.1,77.9,-1.0,RS41-SG,403.800,19.5,0,8,2.9,-1,-1
2021-04-06T02:42:30.000Z,R5140539,1502,47.01807,15.52112,4974.3,5.5,22.2,57.2,-24.1,78.4,-1.0,RS41-SG,403.800,19.5,0,8,2.9,-1,-1
2021-04-06T02:42:32.000Z,R5140539,1504,47.01827,15.52160,4983.9,4.6,22.0,59.4,-24.2,78.9,-1.0,RS41-SG,403.800,19.2,0,8,2.9,-1,-1
2021-04-06T02:42:34.000Z,R5140539,1506,47.01848,15.52211,4993.9,4.9,23.2,56.7,-24.3,79.1,-1.0,RS41-SG,403.800,17.9,0,8,2.9,-1,-1
2021-04-06T02:42:35.000Z,R5140539,1507,47.01860,15.52237,4999.4,6.5,24.0,57.4,-24.3,79.0,-1.0,RS41-SG,403.800,17.9,0,8,2.9,-1,-1
2021-04-06T02:42:37.000Z,R5140539,1509,47.01882,15.52290,5014.0,6.7,23.3,59.3,-24.5,78.6,-1.0,RS41-SG,403.800,18.9,0,7,2.8,-1,-1
2021-04-06T02:42:38.000Z,R5140539,1510,47.01893,15.52316,5020.9,6.8,22.0,60.5,-24.5,79.2,-1.0,RS41-SG,403.800,17.9,0,8,2.9,-1,-1
2021-04-06T02:42:39.000Z,R5140539,1511,47.01902,15.52340,5027.3,6.0,20.4,60.4,-24.6,79.9,-1.0,RS41-SG,403.800,16.6,0,8,2.9,-1,-1
2021-04-06T02:42:40.000Z,R5140539,1512,47.01911,15.52363,5032.7,5.1,19.5,59.9,-24.6,80.0,-1.0,RS41-SG,403.800,16.9,0,8,2.9,-1,-1
2021-04-06T02:42:41.000Z,R5140539,1513,47.01920,15.52386,5037.9,6.5,20.4,61.9,-24.7,80.1,-1.0,RS41-SG,403.800,16.9,0,7,2.9,-1,-1
2021-04-06T02:42:42.000Z,R5140539,1514,47.01928,15.52410,5043.7,5.7,21.2,62.0,-24.7,80.1,-1.0,RS41-SG,403.800,18.1,0,7,2.9,-1,-1
2021-04-06T02:42:43.000Z,R5140539,1515,47.01938,15.52435,5049.6,6.4,22.6,58.9,-24.8,80.2,-1.0,RS41-SG,403.800,18.1,0,8,2.8,-1,-1
2021-04-06T02:42:44.000Z,R5140539,1516,47.01948,15.52461,5056.6,7.9,23.2,58.1,-24.8,80.4,-1.0,RS41-SG,403.800,17.2,0,8,2.9,-1,-1
2021-04-06T02:42:45.000Z,R5140539,1517,47.01959,15.52487,5064.0,8.2,23.9,60.1,-24.9,79.8,-1.0,RS41-SG,403.800,17.3,0,8,2.9,-1,-1
2021-04-06T02:42:47.000Z,R5140539,1519,47.01982,15.52543,5078.7,5.9,25.5,58.5,-25.0,79.7,-1.0,RS41-SG,403.800,17.2,0,8,2.8,-1,-1
2021-04-06T02:42:48.000Z,R5140539,1520,47.01994,15.52571,5084.5,6.5,25.5,56.2,-25.0,79.2,-1.0,RS41-SG,403.800,17.2,0,8,2.8,-1,-1
2021-04-06T02:42:49.000Z,R5140539,1521,47.02007,15.52598,5090.3,5.5,25.1,53.4,-25.1,78.9,-1.0,RS41-SG,403.800,17.4,0,8,2.8,-1,-1
2021-04-06T02:42:50.000Z,R5140539,1522,47.02021,15.52625,5095.2,5.5,24.9,52.4,-25.1,78.2,-1.0,RS41-SG,403.800,17.4,0,8,2.9,-1,-1
2021-04-06T02:42:51.000Z,R5140539,1523,47.02034,15.52651,5101.1,6.6,25.1,52.7,-25.2,78.3,-1.0,RS41-SG,403.800,19.2,0,8,2.9,-1,-1
2021-04-06T02:42:52.000Z,R5140539,1524,47.02048,15.52678,5108.1,7.6,25.2,55.6,-25.2,78.2,-1.0,RS41-SG,403.800,19.2,0,8,2.9,-1,-1
2021-04-06T02:42:53.000Z,R5140539,1525,47.02060,15.52705,5115.1,7.0,24.9,57.1,-25.3,78.1,-1.0,RS41-SG,403.800,18.7,0,8,2.9,-1,-1
2021-04-06T02:42:54.000Z,R5140539,1526,47.02072,15.52732,5122.3,7.8,23.5,58.4,-25.3,77.7,-1.0,RS41-SG,403.800,18.2,0,8,2.9,-1,-1
2021-04-06T02:42:55.000Z,R5140539,1527,47.02083,15.52758,5130.8,9.1,22.4,57.9,-25.4,76.9,-1.0,RS41-SG,403.800,15.7,0,8,2.8,-1,-1
2021-04-06T02:42:56.000Z,R5140539,1528,47.02093,15.52782,5139.1,7.8,21.9,56.1,-25.4,76.5,-1.0,RS41-SG,403.800,14.4,0,8,2.9,-1,-1
2021-04-06T02:42:57.000Z,R5140539,1529,47.02105,15.52805,5146.0,6.5,22.0,52.1,-25.5,76.4,-1.0,RS41-SG,403.800,14.4,0,8,2.9,-1,-1
2021-04-06T02:42:58.000Z,R5140539,1530,47.02118,15.52828,5152.1,5.7,23.3,48.4,-25.5,76.3,-1.0,RS41-SG,403.800,13.8,0,8,2.9,-1,-1
2021-04-06T02:42:59.000Z,R5140539,1531,47.02132,15.52852,5158.4,7.0,24.9,50.1,-25.6,76.1,-1.0,RS41-SG,403.800,15.2,0,8,2.9,-1,-1
2021-04-06T02:43:01.000Z,R5140539,1533,47.02160,15.52907,5171.0,5.2,26.7,55.2,-25.7,76.1,-1.0,RS41-SG,403.800,17.5,0,8,2.8,-1,-1
2021-04-06T02:43:03.000Z,R5140539,1535,47.02186,15.52964,5180.4,5.2,26.2,56.3,-25.8,76.2,-1.0,RS41-SG,403.800,14.5,0,8,2.9,-1,-1
2021-04-06T02:43:04.000Z,R5140539,1536,47.02200,15.52993,5187.0,7.6,25.8,56.1,-25.8,75.7,-1.0,RS41-SG,403.800,14.5,0,8,2.9,-1,-1
2021-04-06T02:43:07.000Z,R5140539,1539,47.02237,15.53074,5202.7,6.1,24.8,56.2,-26.0,76.1,-1.0,RS41-SG,403.800,13.4,0,8,2.8,-1,-1
2021-04-06T02:43:08.000Z,R5140539,1540,47.02249,15.53102,5208.3,5.7,25.2,56.3,-26.0,76.2,-1.0,RS41-SG,403.800,13.4,0,8,2.8,-1,-1
2021-04-06T02:43:09.000Z,R5140539,1541,47.02262,15.53129,5213.8,5.6,24.7,57.5,-26.1,76.1,-1.0,RS41-SG,403.800,13.8,0,8,2.9,-1,-1
2021-04-06T02:43:10.000Z,R5140539,1542,47.02274,15.53156,5218.7,4.7,24.6,57.6,-26.1,77.0,-1.0,RS41-SG,403.800,14.8,0,8,2.9,-1,-1
2021-04-06T02:43:11.000Z,R5140539,1543,47.02285,15.53184,5223.4,6.2,25.0,59.5,-26.1,76.6,-1.0,RS41-SG,403.800,14.8,0,8,2.9,-1,-1
2021-04-06T02:43:13.000Z,R5140539,1545,47.02309,15.53241,5234.8,5.2,25.2,58.4,-26.2,76.5,-1.0,RS41-SG,403.800,16.1,0,8,2.9,-1,-1
2021-04-06T02:43:15.000Z,R5140539,1547,47.02332,15.53297,5247.1,6.5,24.5,58.6,-26.3,75.3,-1.0,RS41-SG,403.800,16.8,0,8,2.9,-1,-1
2021-04-06T02:43:16.000Z,R5140539,1548,47.02344,15.53324,5253.0,6.5,24.4,58.0,-26.3,75.0,-1.0,RS41-SG,403.800,16.8,0,7,2.9,-1,-1
2021-04-06T02:43:17.000Z,R5140539,1549,47.02356,15.53351,5260.7,7.7,25.2,55.7,-26.4,74.5,-1.0,RS41-SG,403.800,13.5,0,8,2.8,-1,-1
2021-04-06T02:43:19.000Z,R5140539,1551,47.02381,15.53409,5273.8,5.5,26.7,59.2,-26.4,74.5,-1.0,RS41-SG,403.800,14.9,0,8,2.9,-1,-1
2021-04-06T02:43:21.000Z,R5140539,1553,47.02405,15.53470,5287.8,6.6,25.8,61.9,-26.5,74.5,-1.0,RS41-SG,403.800,14.4,0,8,2.9,-1,-1
2021-04-06T02:43:22.000Z,R5140539,1554,47.02416,15.53500,5293.7,6.5,25.5,60.2,-26.5,74.7,-1.0,RS41-SG,403.800,14.4,0,8,2.9,-1,-1
2021-04-06T02:43:25.000Z,R5140539,1557,47.02454,15.53588,5315.3,7.0,28.0,55.5,-26.7,73.1,-1.0,RS41-SG,403.800,12.5,0,8,2.8,-1,-1
2021-04-06T02:43:33.000Z,R5140539,1565,47.02557,15.53816,5379.8,4.2,28.7,59.0,-27.2,73.2,-1.0,RS41-SG,403.800,10.6,0,8,2.8,-1,-1
2021-04-06T02:43:36.000Z,R5140539,1568,47.02596,15.53908,5399.6,7.7,25.3,57.4,-27.4,73.3,-1.0,RS41-SG,403.800,12.1,0,8,2.9,-1,-1
2021-04-06T02:43:40.000Z,R5140539,1572,47.02644,15.54006,5422.2,4.6,21.2,54.5,-27.6,71.0,-1.0,RS41-SG,403.800,11.9,0,8,2.8,-1,-1
2021-04-06T02:43:42.000Z,R5140539,1574,47.02667,15.54055,5431.7,5.1,24.0,55.3,-27.6,71.9,-1.0,RS41-SG,403.800,12.2,0,8,2.8,-1,-1
2021-04-06T02:43:44.000Z,R5140539,1576,47.02694,15.54108,5443.3,6.9,25.6,53.5,-27.7,72.7,-1.0,RS41-SG,403.800,16.5,0,8,2.9,-1,-1
2021-04-06T02:43:45.000Z,R5140539,1577,47.02707,15.54136,5448.4,4.5,26.3,55.7,-27.8,73.3,-1.0,RS41-SG,403.800,16.5,0,8,2.9,-1,-1
2021-04-06T02:43:46.000Z,R5140539,1578,47.02720,15.54165,5454.1,6.7,27.0,58.6,-27.8,73.1,-1.0,RS41-SG,403.800,13.9,0,8,2.9,-1,-1
2021-04-06T02:43:47.000Z,R5140539,1579,47.02733,15.54196,5460.5,6.2,27.4,60.1,-27.9,73.2,-1.0,RS41-SG,403.800,12.4,0,8,2.9,-1,-1
2021-04-06T02:43:48.000Z,R5140539,1580,47.02745,15.54228,5466.8,7.0,28.3,61.4,-28.0,73.7,-1.0,RS41-SG,403.800,12.6,0,8,2.9,-1,-1
2021-04-06T02:43:50.000Z,R5140539,1582,47.02769,15.54290,5480.1,4.6,26.4,60.9,-28.1,74.9,-1.0,RS41-SG,403.800,15.0,0,8,2.8,-1,-1
2021-04-06T02:43:51.000Z,R5140539,1583,47.02781,15.54320,5486.7,7.7,26.6,60.1,-28.2,74.9,-1.0,RS41-SG,403.800,12.6,0,8,2.9,-1,-1
2021-04-06T02:43:52.000Z,R5140539,1584,47.02793,15.54351,5493.7,6.9,26.9,59.9,-28.2,75.0,-1.0,RS41-SG,403.800,12.6,0,8,2.9,-1,-1
2021-04-06T02:43:53.000Z,R5140539,1585,47.02806,15.54381,5499.5,5.4,27.2,57.9,-28.3,75.3,-1.0,RS41-SG,403.800,12.7,0,7,2.9,-1,-1
2021-04-06T02:43:54.000Z,R5140539,1586,47.02819,15.54411,5504.2,4.7,27.0,55.2,-28.3,74.8,-1.0,RS41-SG,403.800,12.7,0,7,2.9,-1,-1
2021-04-06T02:43:57.000Z,R5140539,1589,47.02861,15.54494,5519.8,5.5,26.3,53.0,-28.4,74.3,-1.0,RS41-SG,403.800,12.5,0,8,2.8,-1,-1
2021-04-06T02:43:59.000Z,R5140539,1591,47.02890,15.54552,5535.9,7.4,28.1,56.9,-28.5,71.9,-1.0,RS41-SG,403.800,15.5,0,8,2.8,-1,-1
2021-04-06T02:44:01.000Z,R5140539,1593,47.02917,15.54617,5548.9,5.7,30.0,62.3,-28.6,70.9,-1.0,RS41-SG,403.800,13.4,0,8,2.8,-1,-1
2021-04-06T02:44:04.000Z,R5140539,1596,47.02949,15.54720,5564.4,8.0,25.7,69.3,-28.8,69.4,-1.0,RS41-SG,403.800,13.7,0,8,2.9,-1,-1
2021-04-06T02:44:54.000Z,R5140539,1646,47.03417,15.56121,5881.5,4.8,21.9,74.2,-31.7,71.7,-1.0,RS41-SG,403.800,12.2,0,8,2.9,-1,-1
2021-04-06T02:44:55.000Z,R5140539,1647,47.03423,15.56149,5887.5,7.8,23.9,70.8,-31.7,71.9,-1.0,RS41-SG,403.800,10.6,0,8,2.9,-1,-1
2021-04-06T02:44:56.000Z,R5140539,1648,47.03431,15.56180,5894.0,5.5,25.4,69.7,-31.8,71.9,-1.0,RS41-SG,403.800,12.2,0,7,2.9,-1,-1
2021-04-06T02:44:57.000Z,R5140539,1649,47.03439,15.56212,5898.3,3.6,26.7,68.2,-31.9,71.4,-1.0,RS41-SG,403.800,12.2,0,8,2.8,-1,-1
2021-04-06T02:44:58.000Z,R5140539,1650,47.03448,15.56245,5901.9,3.5,26.7,68.4,-31.9,72.2,-1.0,RS41-SG,403.800,11.8,0,8,2.8,-1,-1
2021-04-06T02:44:59.000Z,R5140539,1651,47.03457,15.56277,5905.2,3.2,25.2,70.6,-31.9,72.9,-1.0,RS41-SG,403.800,12.9,0,8,2.8,-1,-1
2021-04-06T02:45:00.000Z,R5140539,1652,47.03464,15.56307,5909.9,6.1,23.8,71.5,-32.0,72.1,-1.0,RS41-SG,403.800,13.0,0,8,2.8,-1,-1
2021-04-06T02:45:01.000Z,R5140539,1653,47.03470,15.56337,5915.9,6.5,23.2,73.3,-32.0,71.3,-1.0,RS41-SG,403.800,13.0,0,8,2.8,-1,-1
2021-04-06T02:45:02.000Z,R5140539,1654,47.03477,15.56366,5922.1,5.7,23.4,70.8,-32.1,68.1,-1.0,RS41-SG,403.800,12.3,0,8,2.9,-1,-1
2021-04-06T02:45:04.000Z,R5140539,1656,47.03493,15.56427,5932.4,5.5,26.8,68.3,-32.2,66.1,-1.0,RS41-SG,403.800,12.8,0,8,2.9,-1,-1
2021-04-06T02:45:05.000Z,R5140539,1657,47.03502,15.56460,5937.7,5.0,28.7,67.6,-32.2,65.8,-1.0,RS41-SG,403.800,11.5,0,8,2.9,-1,-1
2021-04-06T02:45:12.000Z,R5140539,1664,47.03560,15.56691,5976.2,5.0,24.2,69.1,-32.6,68.2,-1.0,RS41-SG,403.800,10.9,0,7,2.8,-1,-1
2021-04-06T02:45:13.000Z,R5140539,1665,47.03568,15.56721,5982.3,6.1,25.0,69.8,-32.6,67.7,-1.0,RS41-SG,403.800,10.9,0,8,2.9,-1,-1
2021-04-06T02:45:46.000Z,R5140539,1698,47.03810,15.57677,6180.7,5.9,26.1,73.4,-34.5,70.8,-1.0,RS41-SG,403.800,11.3,0,8,2.8,-1,-1
2021-04-06T02:45:48.000Z,R5140539,1700,47.03827,15.57741,6195.2,7.5,25.4,65.1,-34.6,69.4,-1.0,RS41-SG,403.800,12.4,0,7,2.8,-1,-1
2021-04-06T02:45:49.000Z,R5140539,1701,47.03837,15.57770,6201.3,5.5,23.6,63.7,-34.7,70.8,-1.0,RS41-SG,403.800,10.6,0,7,2.8,-1,-1
2021-04-06T02:45:50.000Z,R5140539,1702,47.03846,15.57796,6207.8,8.3,20.5,63.0,-34.7,70.0,-1.0,RS41-SG,403.800,10.6,0,8,2.7,-1,-1
2021-04-06T02:45:51.000Z,R5140539,1703,47.03853,15.57820,6214.2,5.8,19.4,65.1,-34.8,69.9,-1.0,RS41-SG,403.800,10.1,0,7,2.7,-1,-1
2021-04-06T02:45:52.000Z,R5140539,1704,47.03861,15.57843,6219.4,3.8,19.5,66.4,-34.9,70.8,-1.0,RS41-SG,403.800,10.1,0,8,2.8,-1,-1
2021-04-06T02:45:53.000Z,R5140539,1705,47.03868,15.57868,6223.3,4.1,20.8,66.9,-34.9,71.4,-1.0,RS41-SG,403.800,10.1,0,8,2.8,-1,-1
2021-04-06T02:46:02.000Z,R5140539,1714,47.03923,15.58132,6259.6,4.9,23.2,79.2,-35.3,67.7,-1.0,RS41-SG,403.800,9.4,0,8,2.8,-1,-1
2021-04-06T02:46:03.000Z,R5140539,1715,47.03926,15.58162,6264.7,6.5,22.1,79.3,-35.3,66.6,-1.0,RS41-SG,403.800,10.1,0,7,2.9,-1,-1
2021-04-06T02:46:04.000Z,R5140539,1716,47.03931,15.58190,6270.8,5.9,21.3,74.9,-35.4,65.9,-1.0,RS41-SG,403.800,11.0,0,7,2.8,-1,-1
2021-04-06T02:46:05.000Z,R5140539,1717,47.03936,15.58216,6275.9,4.0,21.0,71.5,-35.5,66.8,-1.0,RS41-SG,403.800,11.3,0,7,2.9,-1,-1
2021-04-06T02:46:06.000Z,R5140539,1718,47.03943,15.58243,6281.1,6.6,22.3,67.0,-35.5,67.0,-1.0,RS41-SG,403.800,11.3,0,8,2.8,-1,-1
2021-04-06T02:46:07.000Z,R5140539,1719,47.03951,15.58270,6285.8,3.4,23.3,67.6,-35.6,67.2,-1.0,RS41-SG,403.800,9.9,0,7,2.8,-1,-1
2021-04-06T02:46:08.000Z,R5140539,1720,47.03959,15.58299,6290.9,6.2,23.4,66.5,-35.6,66.6,-1.0,RS41-SG,403.800,9.7,0,7,2.8,-1,-1
2021-04-06T02:46:14.000Z,R5140539,1726,47.03995,15.58471,6332.3,9.7,21.3,81.4,-36.0,66.8,-1.0,RS41-SG,403.800,12.4,0,8,2.8,-1,-1
2021-04-06T02:46:15.000Z,R5140539,1727,47.03997,15.58499,6339.6,5.4,20.8,82.1,-36.1,67.1,-1.0,RS41-SG,403.800,10.9,0,7,2.8,-1,-1
2021-04-06T02:46:16.000Z,R5140539,1728,47.04000,15.58525,6344.7,4.2,20.4,79.9,-36.1,67.7,-1.0,RS41-SG,403.800,10.1,0,8,2.7,-1,-1
2021-04-06T02:46:18.000Z,R5140539,1730,47.04007,15.58581,6352.0,5.9,23.6,79.5,-36.2,67.5,-1.0,RS41-SG,403.800,11.0,-187,8,2.8,-1,-1
2021-04-06T02:46:21.000Z,R5140539,1733,47.04019,15.58678,6371.4,8.1,25.5,79.4,-36.3,65.4,-1.0,RS41-SG,403.800,10.8,0,8,2.8,-1,-1
2021-04-06T02:46:23.000Z,R5140539,1735,47.04028,15.58739,6384.8,8.4,21.4,79.7,-36.4,65.9,-1.0,RS41-SG,403.800,11.2,0,8,2.7,-1,-1
2021-04-06T02:46:24.000Z,R5140539,1736,47.04031,15.58766,6391.5,5.5,20.1,78.2,-36.5,66.6,-1.0,RS41-SG,403.800,9.9,0,8,2.7,-1,-1
2021-04-06T02:46:31.000Z,R5140539,1743,47.04056,15.58974,6428.6,4.2,27.2,79.8,-36.8,67.8,-1.0,RS41-SG,403.800,11.5,0,8,2.8,-1,-1
2021-04-06T02:46:32.000Z,R5140539,1744,47.04061,15.59009,6434.2,6.4,26.9,75.6,-36.9,68.1,-1.0,RS41-SG,403.800,12.0,0,8,2.7,-1,-1
2021-04-06T02:46:36.000Z,R5140539,1748,47.04090,15.59132,6457.8,6.3,25.3,72.1,-37.0,70.5,-1.0,RS41-SG,403.800,10.6,0,8,2.8,-1,-1
2021-04-06T02:46:38.000Z,R5140539,1750,47.04101,15.59198,6470.8,5.6,26.4,79.3,-37.1,71.8,-1.0,RS41-SG,403.800,12.8,-187,8,2.8,-1,-1
2021-04-06T02:46:39.000Z,R5140539,1751,47.04105,15.59232,6475.8,4.2,25.7,82.0,-37.2,73.1,-1.0,RS41-SG,403.800,12.2,-187,8,2.8,-1,-1
2021-04-06T02:46:40.000Z,R5140539,1752,47.04108,15.59264,6482.6,8.2,23.6,83.0,-37.2,72.8,-1.0,RS41-SG,403.800,11.8,0,8,2.7,-1,-1
2021-04-06T02:46:42.000Z,R5140539,1754,47.04114,15.59322,6497.1,8.6,22.2,79.5,-37.4,73.1,-1.0,RS41-SG,403.800,11.4,0,7,2.8,-1,-1
2021-04-06T02:46:55.000Z,R5140539,1767,47.04171,15.59735,6586.8,8.4,23.1,78.3,-38.2,79.2,-1.0,RS41-SG,403.800,13.5,0,8,2.7,-1,-1
2021-04-06T02:46:57.000Z,R5140539,1769,47.04178,15.59796,6598.2,5.9,24.1,83.6,-38.3,79.5,-1.0,RS41-SG,403.800,11.7,0,8,2.8,-1,-1
2021-04-06T02:46:58.000Z,R5140539,1770,47.04180,15.59828,6603.8,5.4,25.0,86.3,-38.3,79.8,-1.0,RS41-SG,403.800,10.6,-187,8,2.8,-1,-1
2021-04-06T02:47:00.000Z,R5140539,1772,47.04183,15.59897,6614.9,5.2,27.3,84.3,-38.4,77.7,-1.0,RS41-SG,403.800,15.1,-187,8,2.8,-1,-1
2021-04-06T02:47:01.000Z,R5140539,1773,47.04186,15.59932,6621.9,9.4,27.2,81.0,-38.5,76.4,-1.0,RS41-SG,403.800,14.2,-187,8,2.8,-1,-1
2021-04-06T02:47:02.000Z,R5140539,1774,47.04190,15.59967,6630.6,8.0,26.0,78.2,-38.5,74.8,-1.0,RS41-SG,403.800,13.5,0,8,2.7,-1,-1
2021-04-06T02:47:04.000Z,R5140539,1776,47.04201,15.60030,6640.3,2.8,23.6,73.4,-38.6,76.4,-1.0,RS41-SG,403.800,14.0,0,8,2.8,-1,-1
2021-04-06T02:47:05.000Z,R5140539,1777,47.04207,15.60059,6643.8,4.2,21.5,71.7,-38.6,75.1,-1.0,RS41-SG,403.800,11.9,0,8,2.8,-1,-1
2021-04-06T02:47:06.000Z,R5140539,1778,47.04213,15.60085,6647.8,4.2,20.5,73.4,-38.7,73.5,-1.0,RS41-SG,403.800,13.6,0,8,2.8,-1,-1
2021-04-06T02:47:07.000Z,R5140539,1779,47.04218,15.60111,6652.1,3.9,21.7,74.2,-38.7,73.0,-1.0,RS41-SG,403.800,13.6,0,8,2.8,-1,-1
2021-04-06T02:47:08.000Z,R5140539,1780,47.04224,15.60140,6656.6,5.4,23.4,72.9,-38.7,72.9,-1.0,RS41-SG,403.800,14.0,0,8,2.8,-1,-1
2021-04-06T02:47:10.000Z,R5140539,1782,47.04237,15.60202,6667.5,4.4,25.8,75.2,-38.9,74.3,-1.0,RS41-SG,403.800,15.3,0,8,2.7,-1,-1
2021-04-06T02:47:11.000Z,R5140539,1783,47.04243,15.60235,6672.1,5.0,26.6,76.5,-38.9,75.0,-1.0,RS41-SG,403.800,15.5,-187,8,2.8,-1,-1
2021-04-06T02:47:12.000Z,R5140539,1784,47.04248,15.60270,6676.3,4.6,26.6,78.9,-38.9,75.0,-1.0,RS41-SG,403.800,15.5,-187,8,2.8,-1,-1
2021-04-06T02:47:13.000Z,R5140539,1785,47.04252,15.60304,6682.1,6.4,26.2,79.9,-39.0,74.0,-1.0,RS41-SG,403.800,14.1,-187,8,2.8,-1,-1
2021-04-06T02:47:14.000Z,R5140539,1786,47.04257,15.60337,6688.3,6.7,25.4,78.4,-39.0,73.7,-1.0,RS41-SG,403.800,14.1,-187,8,2.8,-1,-1
2021-04-06T02:47:15.000Z,R5140539,1787,47.04262,15.60370,6694.9,6.2,25.7,76.9,-39.1,74.1,-1.0,RS41-SG,403.800,14.7,-187,8,2.8,-1,-1
2021-04-06T02:47:16.000Z,R5140539,1788,47.04267,15.60404,6701.1,6.2,27.3,75.6,-39.2,75.3,-1.0,RS41-SG,403.800,14.7,-187,8,2.8,-1,-1
2021-04-06T02:47:17.000Z,R5140539,1789,47.04273,15.60440,6707.3,6.2,28.9,78.3,-39.2,75.1,-1.0,RS41-SG,403.800,15.3,-187,8,2.8,-1,-1
2021-04-06T02:47:18.000Z,R5140539,1790,47.04278,15.60477,6712.7,4.9,29.0,79.0,-39.3,75.6,-1.0,RS41-SG,403.800,15.3,-187,8,2.7,-1,-1
2021-04-06T02:47:19.000Z,R5140539,1791,47.04283,15.60514,6717.1,4.2,27.9,80.2,-39.3,75.9,-1.0,RS41-SG,403.800,14.5,-187,8,2.8,-1,-1
2021-04-06T02:47:20.000Z,R5140539,1792,47.04287,15.60550,6720.8,3.5,27.4,80.0,-39.3,77.4,-1.0,RS41-SG,403.800,13.5,-187,8,2.8,-1,-1
2021-04-06T02:47:21.000Z,R5140539,1793,47.04291,15.60584,6724.8,4.8,25.6,80.9,-39.3,77.7,-1.0,RS41-SG,403.800,13.5,-187,8,2.8,-1,-1
2021-04-06T02:47:22.000Z,R5140539,1794,47.04295,15.60617,6729.5,3.7,25.2,81.6,-39.3,78.1,-1.0,RS41-SG,403.800,12.5,-187,8,2.8,-1,-1
2021-04-06T02:47:23.000Z,R5140539,1795,47.04298,15.60651,6733.1,4.3,25.9,83.7,-39.0,71.1,-1.0,RS41-SG,403.800,13.5,-187,8,2.8,-1,-1
2021-04-06T02:47:24.000Z,R5140539,1796,47.04300,15.60685,6737.4,4.0,26.7,83.7,-39.0,67.1,-1.0,RS41-SG,403.800,14.2,-187,8,2.8,-1,-1
2021-04-06T02:47:25.000Z,R5140539,1797,47.04303,15.60720,6741.1,3.2,27.1,84.3,-39.0,64.9,-1.0,RS41-SG,403.800,14.2,-187,8,2.7,-1,-1
2021-04-06T02:47:26.000Z,R5140539,1798,47.04305,15.60756,6745.4,5.4,28.0,85.0,-39.0,61.8,-1.0,RS41-SG,403.800,11.8,-187,7,2.8,-1,-1
2021-04-06T02:47:27.000Z,R5140539,1799,47.04308,15.60793,6749.8,3.3,28.8,84.3,-39.0,60.1,-1.0,RS41-SG,403.800,13.9,-187,8,2.8,-1,-1
2021-04-06T02:47:28.000Z,R5140539,1800,47.04310,15.60830,6754.1,5.3,28.9,84.9,-38.9,56.4,-1.0,RS41-SG,403.800,14.1,-187,8,2.8,-1,-1
2021-04-06T02:47:29.000Z,R5140539,1801,47.04313,15.60868,6758.0,3.0,29.0,84.7,-38.8,53.7,-1.0,RS41-SG,403.800,14.4,-187,8,2.8,-1,-1
2021-04-06T02:47:30.000Z,R5140539,1802,47.04315,15.60906,6761.9,4.9,29.0,85.2,-38.8,51.1,-1.0,RS41-SG,403.800,14.4,-187,8,2.8,-1,-1
2021-04-06T02:47:31.000Z,R5140539,1803,47.04318,15.60944,6765.7,3.6,29.6,84.0,-38.8,49.5,-1.0,RS41-SG,403.800,13.0,-187,8,2.7,-1,-1
2021-04-06T02:47:32.000Z,R5140539,1804,47.04320,15.60983,6769.4,3.9,28.7,84.6,-38.7,47.1,-1.0,RS41-SG,403.800,15.3,-187,8,2.7,-1,-1
2021-04-06T02:47:33.000Z,R5140539,1805,47.04323,15.61020,6773.0,4.2,28.5,84.6,-38.7,44.5,-1.0,RS41-SG,403.800,15.3,-187,8,2.8,-1,-1
2021-04-06T02:47:34.000Z,R5140539,1806,47.04325,15.61057,6776.9,3.8,28.8,83.3,-38.5,40.9,-1.0,RS41-SG,403.800,14.1,-187,8,2.8,-1,-1
2021-04-06T02:47:36.000Z,R5140539,1808,47.04331,15.61132,6784.4,3.1,28.3,83.5,-38.3,35.0,-1.0,RS41-SG,403.800,15.9,-187,8,2.8,-1,-1
2021-04-06T02:47:37.000Z,R5140539,1809,47.04335,15.61168,6789.3,4.6,28.2,82.6,-38.3,32.5,-1.0,RS41-SG,403.800,14.8,0,8,2.8,-1,-1
2021-04-06T02:47:38.000Z,R5140539,1810,47.04338,15.61206,6793.3,3.2,28.8,83.7,-38.4,30.6,-1.0,RS41-SG,403.800,14.8,-187,8,2.9,-1,-1
2021-04-06T02:47:39.000Z,R5140539,1811,47.04341,15.61243,6797.4,4.7,29.3,83.5,-38.4,28.6,-1.0,RS41-SG,403.800,13.4,-187,8,2.8,-1,-1
2021-04-06T02:47:40.000Z,R5140539,1812,47.04344,15.61281,6800.9,2.6,29.2,84.0,-38.4,27.2,-1.0,RS41-SG,403.800,15.0,-187,8,2.7,-1,-1
2021-04-06T02:47:41.000Z,R5140539,1813,47.04347,15.61320,6804.3,4.2,29.7,84.1,-38.4,25.9,-1.0,RS41-SG,403.800,15.0,-187,8,2.8,-1,-1
2021-04-06T02:47:42.000Z,R5140539,1814,47.04350,15.61359,6808.7,4.5,30.3,83.0,-38.4,24.5,-1.0,RS41-SG,403.800,13.4,-187,8,2.8,-1,-1
2021-04-06T02:47:43.000Z,R5140539,1815,47.04353,15.61399,6813.4,5.5,30.4,82.8,-38.5,23.3,-1.0,RS41-SG,403.800,11.6,-187,8,2.8,-1,-1
2021-04-06T02:47:45.000Z,R5140539,1817,47.04360,15.61477,6821.0,5.0,30.2,82.6,-38.5,21.1,-1.0,RS41-SG,403.800,13.5,-187,8,2.9,-1,-1
2021-04-06T02:47:46.000Z,R5140539,1818,47.04364,15.61517,6825.1,3.1,30.2,82.0,-38.5,20.6,-1.0,RS41-SG,403.800,13.2,-187,8,2.8,-1,-1
2021-04-06T02:47:47.000Z,R5140539,1819,47.04367,15.61556,6828.7,4.9,29.9,81.3,-38.5,19.8,-1.0,RS41-SG,403.800,12.9,-187,8,2.7,-1,-1
2021-04-06T02:47:48.000Z,R5140539,1820,47.04371,15.61595,6832.2,3.3,29.7,82.7,-38.5,19.1,-1.0,RS41-SG,403.800,13.0,-187,8,2.8,-1,-1
2021-04-06T02:47:49.000Z,R5140539,1821,47.04374,15.61633,6835.4,3.6,29.6,82.0,-38.5,18.2,-1.0,RS41-SG,403.800,13.4,-187,8,2.8,-1,-1
2021-04-06T02:47:50.000Z,R5140539,1822,47.04378,15.61672,6838.8,2.9,30.0,81.9,-38.5,17.7,-1.0,RS41-SG,403.800,13.6,-187,8,2.8,-1,-1
2021-04-06T02:47:51.000Z,R5140539,1823,47.04382,15.61711,6842.3,4.7,30.3,83.8,-38.5,17.1,-1.0,RS41-SG,403.800,13.6,-187,8,2.8,-1,-1
2021-04-06T02:47:52.000Z,R5140539,1824,47.04385,15.61751,6847.5,5.6,30.6,83.6,-38.5,16.6,-1.0,RS41-SG,403.800,13.3,-187,8,2.8,-1,-1
2021-04-06T02:47:53.000Z,R5140539,1825,47.04388,15.61791,6852.3,3.9,30.6,83.9,-38.5,16.4,-1.0,RS41-SG,403.800,14.5,-187,8,2.8,-1,-1
2021-04-06T02:47:54.000Z,R5140539,1826,47.04391,15.61831,6855.3,2.0,30.9,82.9,-38.6,16.5,-1.0,RS41-SG,403.800,14.5,-187,8,2.7,-1,-1
2021-04-06T02:47:55.000Z,R5140539,1827,47.04394,15.61871,6858.7,4.9,30.5,83.9,-38.6,16.3,-1.0,RS41-SG,403.800,12.9,-187,8,2.8,-1,-1
2021-04-06T02:47:56.000Z,R5140539,1828,47.04397,15.61911,6862.7,3.3,30.4,84.2,-38.6,16.3,-1.0,RS41-SG,403.800,12.0,-187,8,2.8,-1,-1
2021-04-06T02:47:57.000Z,R5140539,1829,47.04400,15.61951,6866.9,5.1,30.1,83.1,-38.6,16.2,-1.0,RS41-SG,403.800,12.6,-187,8,2.8,-1,-1
2021-04-06T02:47:58.000Z,R5140539,1830,47.04403,15.61990,6870.8,3.4,30.4,82.6,-38.6,16.3,-1.0,RS41-SG,403.800,12.6,-187,8,2.8,-1,-1
2021-04-06T02:47:59.000Z,R5140539,1831,47.04407,15.62030,6874.4,4.0,30.1,81.1,-38.6,16.2,-1.0,RS41-SG,403.800,12.4,-187,8,2.8,-1,-1
2021-04-06T02:48:00.000Z,R5140539,1832,47.04411,15.62069,6879.6,5.6,30.0,81.2,-38.6,16.2,-1.0,RS41-SG,403.800,12.6,-187,8,2.8,-1,-1
2021-04-06T02:48:01.000Z,R5140539,1833,47.04416,15.62108,6884.4,3.6,30.4,80.6,-38.7,16.2,-1.0,RS41-SG,403.800,13.6,-187,8,2.7,-1,-1
2021-04-06T02:48:02.000Z,R5140539,1834,47.04420,15.62147,6887.1,2.3,29.9,79.8,-38.7,16.4,-1.0,RS41-SG,403.800,13.6,-187,8,2.8,-1,-1
2021-04-06T02:48:03.000Z,R5140539,1835,47.04425,15.62186,6890.2,4.2,30.0,81.5,-38.7,16.4,-1.0,RS41-SG,403.800,14.3,-187,8,2.8,-1,-1
2021-04-06T02:48:04.000Z,R5140539,1836,47.04429,15.62225,6893.6,2.5,30.0,82.1,-38.7,16.6,-1.0,RS41-SG,403.800,15.1,-187,8,2.8,-1,-1
2021-04-06T02:48:05.000Z,R5140539,1837,47.04432,15.62264,6897.3,4.8,30.3,81.9,-38.7,16.5,-1.0,RS41-SG,403.800,15.1,-187,8,2.8,-1,-1
2021-04-06T02:48:06.000Z,R5140539,1838,47.04436,15.62304,6901.3,3.5,31.0,82.4,-38.7,16.6,-1.0,RS41-SG,403.800,15.6,-187,8,2.8,-1,-1
2021-04-06T02:48:07.000Z,R5140539,1839,47.04440,15.62345,6904.5,3.5,31.3,82.3,-38.8,16.5,-1.0,RS41-SG,403.800,15.6,-187,8,2.8,-1,-1
2021-04-06T02:48:08.000Z,R5140539,1840,47.04443,15.62385,6908.3,3.9,31.0,82.5,-38.8,16.5,-1.0,RS41-SG,403.800,13.4,-187,8,2.7,-1,-1
2021-04-06T02:48:09.000Z,R5140539,1841,47.04447,15.62426,6911.5,2.6,31.1,82.0,-38.8,16.5,-1.0,RS41-SG,403.800,12.6,-187,8,2.8,-1,-1
2021-04-06T02:48:10.000Z,R5140539,1842,47.04451,15.62466,6915.5,4.4,31.0,80.9,-38.8,16.4,-1.0,RS41-SG,403.800,13.5,-187,8,2.8,-1,-1
2021-04-06T02:48:11.000Z,R5140539,1843,47.04456,15.62506,6918.8,2.2,30.6,81.7,-38.9,16.6,-1.0,RS41-SG,403.800,13.5,-187,8,2.8,-1,-1
2021-04-06T02:48:12.000Z,R5140539,1844,47.04460,15.62545,6922.3,4.7,30.3,81.2,-38.9,16.5,-1.0,RS41-SG,403.800,12.4,-187,8,2.8,-1,-1
2021-04-06T02:48:13.000Z,R5140539,1845,47.04464,15.62585,6926.1,2.4,30.2,80.9,-38.9,16.7,-1.0,RS41-SG,403.800,9.3,-187,8,2.8,-1,-1
2021-04-06T02:48:22.000Z,R5140539,1854,47.04502,15.62944,6960.8,3.5,31.5,81.8,-39.1,16.6,-1.0,RS41-SG,403.800,10.7,-187,8,2.7,-1,-1
2021-04-06T02:48:25.000Z,R5140539,1857,47.04515,15.63066,6971.9,2.9,30.5,80.8,-39.2,16.7,-1.0,RS41-SG,403.800,12.4,-187,8,2.8,-1,-1
2021-04-06T02:48:26.000Z,R5140539,1858,47.04519,15.63105,6975.7,4.3,30.3,80.0,-39.2,16.5,-1.0,RS41-SG,403.800,12.4,-187,8,2.8,-1,-1
2021-04-06T02:48:27.000Z,R5140539,1859,47.04524,15.63144,6979.5,3.4,30.5,80.5,-39.2,16.7,-1.0,RS41-SG,403.800,9.3,-187,8,2.8,-1,-1
2021-04-06T02:48:29.000Z,R5140539,1861,47.04532,15.63222,6987.8,4.8,29.7,81.1,-39.3,16.7,-1.0,RS41-SG,403.800,11.1,-187,8,2.7,-1,-1
2021-04-06T02:48:30.000Z,R5140539,1862,47.04536,15.63261,6991.5,2.9,30.5,82.3,-39.3,16.8,-1.0,RS41-SG,403.800,11.0,-187,8,2.8,-1,-1
2021-04-06T02:48:34.000Z,R5140539,1866,47.04552,15.63421,7006.3,2.9,31.2,82.4,-39.4,17.2,-1.0,RS41-SG,403.800,12.3,-187,8,2.7,-1,-1
2021-04-06T02:48:35.000Z,R5140539,1867,47.04556,15.63462,7010.5,4.5,31.3,82.1,-39.4,17.2,-1.0,RS41-SG,403.800,12.3,-187,8,2.7,-1,-1
2021-04-06T02:48:36.000Z,R5140539,1868,47.04560,15.63503,7014.2,3.3,31.3,81.9,-39.4,17.3,-1.0,RS41-SG,403.800,12.1,-187,8,2.8,-1,-1
2021-04-06T02:48:37.000Z,R5140539,1869,47.04564,15.63543,7018.0,3.9,31.1,82.3,-39.4,17.3,-1.0,RS41-SG,403.800,9.2,-187,7,2.8,-1,-1
2021-04-06T02:48:40.000Z,R5140539,1872,47.04575,15.63666,7029.6,3.0,31.4,82.3,-39.4,17.3,-1.0,RS41-SG,403.800,13.9,-187,8,2.8,-1,-1
2021-04-06T02:48:41.000Z,R5140539,1873,47.04579,15.63707,7033.3,4.2,31.8,81.9,-39.4,17.3,-1.0,RS41-SG,403.800,11.5,-187,8,2.7,-1,-1
2021-04-06T02:48:43.000Z,R5140539,1875,47.04586,15.63791,7040.5,4.5,31.8,83.2,-39.4,17.3,-1.0,RS41-SG,403.800,13.4,-187,8,2.8,-1,-1
2021-04-06T02:48:44.000Z,R5140539,1876,47.04590,15.63832,7044.6,3.4,31.6,82.3,-39.4,17.1,-1.0,RS41-SG,403.800,13.6,-187,8,2.8,-1,-1
2021-04-06T02:48:45.000Z,R5140539,1877,47.04594,15.63873,7048.4,4.2,31.5,82.3,-39.4,17.1,-1.0,RS41-SG,403.800,13.6,-187,8,2.8,-1,-1
2021-04-06T02:48:46.000Z,R5140539,1878,47.04597,15.63914,7052.4,3.6,31.3,83.0,-39.4,17.0,-1.0,RS41-SG,403.800,13.7,-187,8,2.8,-1,-1
2021-04-06T02:48:47.000Z,R5140539,1879,47.04601,15.63955,7056.2,4.0,31.4,83.2,-39.5,17.0,-1.0,RS41-SG,403.800,14.0,-187,8,2.8,-1,-1
2021-04-06T02:48:48.000Z,R5140539,1880,47.04604,15.63996,7059.8,3.5,31.9,83.6,-39.5,16.8,-1.0,RS41-SG,403.800,14.0,-187,8,2.7,-1,-1
2021-04-06T02:48:49.000Z,R5140539,1881,47.04607,15.64037,7063.7,3.3,32.0,83.0,-39.5,16.8,-1.0,RS41-SG,403.800,13.8,-187,8,2.7,-1,-1
2021-04-06T02:48:51.000Z,R5140539,1883,47.04614,15.64120,7071.8,4.3,31.8,84.1,-39.5,16.3,-1.0,RS41-SG,403.800,15.1,-187,8,2.8,-1,-1
2021-04-06T02:48:53.000Z,R5140539,1885,47.04620,15.64204,7079.9,4.9,32.1,83.8,-39.5,15.9,-1.0,RS41-SG,403.800,14.2,-187,8,2.8,-1,-1
2021-04-06T02:48:54.000Z,R5140539,1886,47.04623,15.64246,7084.1,3.2,31.8,84.7,-39.5,15.7,-1.0,RS41-SG,403.800,15.8,-187,8,2.7,-1,-1
2021-04-06T02:48:55.000Z,R5140539,1887,47.04626,15.64287,7088.2,4.8,32.2,84.0,-39.4,15.3,-1.0,RS41-SG,403.800,15.8,-187,8,2.7,-1,-1
2021-04-06T02:48:56.000Z,R5140539,1888,47.04629,15.64330,7092.0,3.1,32.7,84.0,-39.4,15.1,-1.0,RS41-SG,403.800,15.2,-187,8,2.8,-1,-1
2021-04-06T02:48:57.000Z,R5140539,1889,47.04632,15.64373,7095.7,4.7,33.2,85.0,-39.4,14.8,-1.0,RS41-SG,403.800,15.5,-187,8,2.8,-1,-1
2021-04-06T02:48:58.000Z,R5140539,1890,47.04634,15.64416,7100.0,4.1,32.8,85.7,-39.4,14.6,-1.0,RS41-SG,403.800,15.5,-187,8,2.8,-1,-1
2021-04-06T02:48:59.000Z,R5140539,1891,47.04636,15.64459,7103.8,3.4,33.0,85.5,-39.4,14.3,-1.0,RS41-SG,403.800,14.0,-187,8,2.8,-1,-1
2021-04-06T02:49:00.000Z,R5140539,1892,47.04639,15.64503,7108.0,5.2,32.9,85.9,-39.4,14.0,-1.0,RS41-SG,403.800,13.5,-187,8,2.8,-1,-1
2021-04-06T02:49:01.000Z,R5140539,1893,47.04640,15.64546,7112.0,3.1,32.9,86.8,-39.4,13.9,-1.0,RS41-SG,403.800,13.3,-187,8,2.7,-1,-1
2021-04-06T02:49:02.000Z,R5140539,1894,47.04643,15.64589,7116.3,5.0,32.7,85.5,-39.4,13.7,-1.0,RS41-SG,403.800,15.3,-187,8,2.7,-1,-1
2021-04-06T02:49:03.000Z,R5140539,1895,47.04645,15.64632,7120.2,3.3,33.4,86.0,-39.4,13.7,-1.0,RS41-SG,403.800,15.3,-187,8,2.8,-1,-1
2021-04-06T02:49:04.000Z,R5140539,1896,47.04647,15.64676,7124.0,4.3,33.1,85.0,-39.4,13.6,-1.0,RS41-SG,403.800,14.4,-187,8,2.8,-1,-1
2021-04-06T02:49:06.000Z,R5140539,1898,47.04651,15.64763,7131.7,4.9,33.4,85.5,-39.5,13.3,-1.0,RS41-SG,403.800,13.7,-187,8,2.8,-1,-1
2021-04-06T02:49:07.000Z,R5140539,1899,47.04654,15.64806,7136.1,3.0,33.6,84.8,-39.5,13.4,-1.0,RS41-SG,403.800,13.7,-187,8,2.7,-1,-1
2021-04-06T02:49:08.000Z,R5140539,1900,47.04657,15.64851,7139.7,4.1,33.9,84.3,-39.5,13.2,-1.0,RS41-SG,403.800,12.1,-187,8,2.7,-1,-1
2021-04-06T02:49:10.000Z,R5140539,1902,47.04663,15.64939,7147.4,4.1,34.1,84.2,-39.5,13.0,-1.0,RS41-SG,403.800,13.4,-187,8,2.8,-1,-1
2021-04-06T02:49:11.000Z,R5140539,1903,47.04666,15.64984,7151.4,4.0,34.6,84.4,-39.5,12.9,-1.0,RS41-SG,403.800,13.4,-187,8,2.8,-1,-1
2021-04-06T02:49:12.000Z,R5140539,1904,47.04669,15.65029,7155.8,4.4,34.4,83.8,-39.5,12.6,-1.0,RS41-SG,403.800,12.3,-187,8,2.8,-1,-1
2021-04-06T02:49:14.000Z,R5140539,1906,47.04676,15.65119,7164.0,4.2,34.5,82.9,-39.4,12.2,-1.0,RS41-SG,403.800,13.0,-187,8,2.7,-1,-1
2021-04-06T02:49:15.000Z,R5140539,1907,47.04679,15.65164,7168.2,3.9,34.9,83.4,-39.4,12.1,-1.0,RS41-SG,403.800,10.8,-187,8,2.7,-1,-1
2021-04-06T02:49:16.000Z,R5140539,1908,47.04683,15.65209,7172.4,4.1,34.8,82.8,-39.5,12.0,-1.0,RS41-SG,403.800,11.6,-187,8,2.8,-1,-1
2021-04-06T02:49:18.000Z,R5140539,1910,47.04691,15.65300,7182.4,3.9,35.3,82.9,-39.4,12.1,-1.0,RS41-SG,403.800,12.4,-187,8,2.8,-1,-1
2021-04-06T02:49:22.000Z,R5140539,1914,47.04707,15.65485,7205.4,8.1,36.1,83.4,-39.4,12.0,-1.0,RS41-SG,403.800,13.5,-187,8,2.8,-1,-1
2021-04-06T02:49:23.000Z,R5140539,1915,47.04711,15.65532,7213.8,7.8,36.0,82.1,-39.4,12.0,-1.0,RS41-SG,403.800,15.9,-187,8,2.8,-1,-1
2021-04-06T02:49:24.000Z,R5140539,1916,47.04716,15.65579,7221.6,7.4,36.6,79.9,-39.4,12.0,-1.0,RS41-SG,403.800,15.9,-187,8,2.8,-1,-1
2021-04-06T02:49:25.000Z,R5140539,1917,47.04723,15.65626,7230.5,9.7,38.0,76.1,-39.4,11.8,-1.0,RS41-SG,403.800,15.1,-187,8,2.8,-1,-1
2021-04-06T02:49:26.000Z,R5140539,1918,47.04732,15.65676,7239.4,8.5,39.4,75.5,-39.4,11.6,-1.0,RS41-SG,403.800,15.1,-187,8,2.8,-1,-1
2021-04-06T02:49:27.000Z,R5140539,1919,47.04741,15.65726,7246.0,4.7,39.2,75.6,-39.5,11.8,-1.0,RS41-SG,403.800,15.2,-187,8,2.7,-1,-1
2021-04-06T02:49:28.000Z,R5140539,1920,47.04750,15.65775,7252.2,8.0,38.3,73.6,-39.5,11.8,-1.0,RS41-SG,403.800,15.2,-187,8,2.7,-1,-1
2021-04-06T02:49:29.000Z,R5140539,1921,47.04760,15.65823,7260.5,9.7,38.0,72.5,-39.5,11.7,-1.0,RS41-SG,403.800,13.4,-187,8,2.8,-1,-1
2021-04-06T02:49:30.000Z,R5140539,1922,47.04770,15.65870,7267.8,5.3,37.4,73.1,-39.4,11.8,-1.0,RS41-SG,403.800,13.3,-187,8,2.8,-1,-1
2021-04-06T02:49:31.000Z,R5140539,1923,47.04779,15.65918,7272.3,4.2,37.6,74.8,-39.3,12.1,-1.0,RS41-SG,403.800,14.2,-187,8,2.8,-1,-1
2021-04-06T02:49:32.000Z,R5140539,1924,47.04787,15.65966,7278.0,6.0,38.3,78.4,-39.3,12.4,-1.0,RS41-SG,403.800,14.2,-187,8,2.8,-1,-1
2021-04-06T02:49:34.000Z,R5140539,1926,47.04799,15.66063,7289.6,4.6,37.0,81.8,-39.0,12.6,-1.0,RS41-SG,403.800,14.9,-187,8,2.7,-1,-1
2021-04-06T02:49:35.000Z,R5140539,1927,47.04804,15.66112,7295.2,7.5,37.0,82.1,-39.1,12.6,-1.0,RS41-SG,403.800,14.9,-187,8,2.8,-1,-1
2021-04-06T02:49:36.000Z,R5140539,1928,47.04809,15.66159,7303.4,8.4,36.7,80.4,-39.1,12.4,-1.0,RS41-SG,403.800,15.3,-187,7,2.8,-1,-1
2021-04-06T02:49:37.000Z,R5140539,1929,47.04815,15.66207,7311.8,7.6,37.7,77.9,-39.2,12.4,-1.0,RS41-SG,403.800,15.3,-187,8,2.8,-1,-1
2021-04-06T02:49:38.000Z,R5140539,1930,47.04823,15.66256,7319.1,6.5,39.2,76.0,-39.2,12.6,-1.0,RS41-SG,403.800,13.1,-187,8,2.8,-1,-1
2021-04-06T02:49:39.000Z,R5140539,1931,47.04832,15.66307,7325.9,6.2,41.7,75.7,-39.3,12.6,-1.0,RS41-SG,403.800,13.1,-187,8,2.7,-1,-1
2021-04-06T02:49:40.000Z,R5140539,1932,47.04840,15.66360,7332.1,5.9,42.3,78.2,-39.3,12.6,-1.0,RS41-SG,403.800,11.1,-187,8,2.7,-1,-1
2021-04-06T02:49:41.000Z,R5140539,1933,47.04848,15.66415,7338.4,6.4,42.2,79.4,-39.3,12.6,-1.0,RS41-SG,403.800,12.8,-187,8,2.8,-1,-1
2021-04-06T02:49:42.000Z,R5140539,1934,47.04855,15.66469,7344.5,6.2,40.4,79.8,-39.3,12.7,-1.0,RS41-SG,403.800,12.8,-187,8,2.8,-1,-1
2021-04-06T02:49:45.000Z,R5140539,1937,47.04873,15.66616,7364.5,5.7,37.2,77.0,-39.5,13.2,-1.0,RS41-SG,403.800,13.6,0,8,2.7,-1,-1
2021-04-06T02:49:48.000Z,R5140539,1940,47.04899,15.66768,7390.4,7.2,42.4,77.9,-39.7,13.4,-1.0,RS41-SG,403.800,11.0,-187,8,2.8,-1,-1
2021-04-06T02:49:52.000Z,R5140539,1944,47.04921,15.66979,7412.4,3.8,38.0,84.4,-40.0,13.9,-1.0,RS41-SG,403.800,15.2,-187,8,2.7,-1,-1
2021-04-06T02:49:53.000Z,R5140539,1945,47.04925,15.67029,7416.7,4.8,37.4,82.1,-40.0,14.0,-1.0,RS41-SG,403.800,15.7,-187,8,2.7,-1,-1
2021-04-06T02:49:54.000Z,R5140539,1946,47.04930,15.67077,7422.7,7.1,37.6,79.5,-40.1,13.9,-1.0,RS41-SG,403.800,15.7,-187,8,2.8,-1,-1
2021-04-06T02:49:55.000Z,R5140539,1947,47.04937,15.67126,7429.8,6.5,38.8,77.4,-40.1,14.1,-1.0,RS41-SG,403.800,15.7,-187,8,2.8,-1,-1
2021-04-06T02:49:56.000Z,R5140539,1948,47.04945,15.67176,7436.5,6.9,39.9,75.3,-40.2,14.2,-1.0,RS41-SG,403.800,16.3,-187,8,2.8,-1,-1
2021-04-06T02:49:57.000Z,R5140539,1949,47.04955,15.67227,7442.7,6.0,40.8,73.4,-40.2,14.2,-1.0,RS41-SG,403.800,16.3,-187,7,2.8,-1,-1
2021-04-06T02:49:58.000Z,R5140539,1950,47.04966,15.67278,7449.5,8.1,40.5,72.0,-40.3,14.0,-1.0,RS41-SG,403.800,14.8,0,7,2.7,-1,-1
2021-04-06T02:49:59.000Z,R5140539,1951,47.04977,15.67329,7456.3,6.5,40.4,72.7,-40.4,14.0,-1.0,RS41-SG,403.800,14.5,0,7,2.7,-1,-1
2021-04-06T02:50:00.000Z,R5140539,1952,47.04988,15.67379,7463.3,6.6,40.1,72.3,-40.4,14.0,-1.0,RS41-SG,403.800,14.5,0,7,2.8,-1,-1
2021-04-06T02:50:01.000Z,R5140539,1953,47.04999,15.67429,7470.3,7.1,38.6,71.5,-40.5,14.2,-1.0,RS41-SG,403.800,11.9,-187,8,2.8,-1,-1
2021-04-06T02:50:02.000Z,R5140539,1954,47.05009,15.67476,7477.1,6.2,37.6,72.0,-40.6,14.3,-1.0,RS41-SG,403.800,11.9,-187,8,2.8,-1,-1
2021-04-06T02:50:03.000Z,R5140539,1955,47.05019,15.67522,7484.4,7.5,36.2,74.0,-40.6,14.5,-1.0,RS41-SG,403.800,11.9,0,8,2.8,-1,-1
2021-04-06T02:50:04.000Z,R5140539,1956,47.05027,15.67569,7492.4,8.4,36.7,77.1,-40.7,14.5,-1.0,RS41-SG,403.800,13.5,-187,8,2.7,-1,-1
2021-04-06T02:50:05.000Z,R5140539,1957,47.05034,15.67617,7500.1,7.7,38.0,80.3,-40.7,14.7,-1.0,RS41-SG,403.800,14.2,-187,7,2.7,-1,-1
2021-04-06T02:50:06.000Z,R5140539,1958,47.05040,15.67668,7507.9,9.2,40.9,81.0,-40.8,14.9,-1.0,RS41-SG,403.800,14.4,-187,8,2.8,-1,-1
2021-04-06T02:50:07.000Z,R5140539,1959,47.05046,15.67723,7518.3,11.4,43.9,78.9,-40.9,14.9,-1.0,RS41-SG,403.800,14.4,-187,8,2.8,-1,-1
2021-04-06T02:50:08.000Z,R5140539,1960,47.05055,15.67780,7528.9,9.8,45.1,77.2,-41.0,15.0,-1.0,RS41-SG,403.800,14.6,-187,8,2.8,-1,-1
2021-04-06T02:50:09.000Z,R5140539,1961,47.05064,15.67837,7536.2,4.4,44.5,75.8,-41.1,15.3,-1.0,RS41-SG,403.800,15.1,-187,8,2.8,-1,-1
2021-04-06T02:50:10.000Z,R5140539,1962,47.05074,15.67893,7542.8,9.0,42.9,74.6,-41.2,15.5,-1.0,RS41-SG,403.800,15.1,0,8,2.7,-1,-1
2021-04-06T02:50:11.000Z,R5140539,1963,47.05085,15.67946,7552.7,11.0,40.7,72.6,-41.3,15.5,-1.0,RS41-SG,403.800,15.5,0,8,2.7,-1,-1
2021-04-06T02:50:12.000Z,R5140539,1964,47.05096,15.67997,7562.6,8.1,40.1,72.4,-41.4,15.7,-1.0,RS41-SG,403.800,15.7,0,8,2.8,-1,-1
2021-04-06T02:50:14.000Z,R5140539,1966,47.05118,15.68098,7577.3,7.8,42.2,73.1,-41.4,16.1,-1.0,RS41-SG,403.800,15.9,-187,8,2.8,-1,-1
2021-04-06T02:50:15.000Z,R5140539,1967,47.05129,15.68153,7584.4,6.9,44.0,73.7,-41.3,16.2,-1.0,RS41-SG,403.800,15.7,-187,8,2.8,-1,-1
2021-04-06T02:50:16.000Z,R5140539,1968,47.05140,15.68209,7591.3,7.3,46.3,72.3,-41.4,16.4,-1.0,RS41-SG,403.800,16.3,-187,8,2.7,-1,-1
2021-04-06T02:50:17.000Z,R5140539,1969,47.05155,15.68268,7599.2,8.0,48.3,69.5,-41.5,16.2,-1.0,RS41-SG,403.800,16.3,-187,8,2.7,-1,-1
2021-04-06T02:50:18.000Z,R5140539,1970,47.05170,15.68327,7605.3,4.6,48.2,69.1,-41.5,15.9,-1.0,RS41-SG,403.800,15.1,-187,7,2.8,-1,-1
2021-04-06T02:50:20.000Z,R5140539,1972,47.05199,15.68444,7612.9,5.8,46.2,71.5,-41.6,16.2,-1.0,RS41-SG,403.800,14.6,-187,8,2.8,-1,-1
2021-04-06T02:50:22.000Z,R5140539,1974,47.05223,15.68560,7626.9,7.3,45.9,73.3,-41.6,16.6,-1.0,RS41-SG,403.800,15.7,0,8,2.7,-1,-1
2021-04-06T02:50:23.000Z,R5140539,1975,47.05236,15.68618,7633.0,5.5,46.1,72.0,-41.5,16.9,-1.0,RS41-SG,403.800,15.7,-187,8,2.7,-1,-1
2021-04-06T02:50:24.000Z,R5140539,1976,47.05249,15.68676,7637.9,4.8,47.0,71.4,-41.5,17.4,-1.0,RS41-SG,403.800,18.4,-187,8,2.8,-1,-1
2021-04-06T02:50:25.000Z,R5140539,1977,47.05263,15.68735,7641.1,2.0,47.9,70.1,-41.5,17.7,-1.0,RS41-SG,403.800,18.4,-187,8,2.8,-1,-1
2021-04-06T02:50:26.000Z,R5140539,1978,47.05278,15.68795,7644.0,3.8,48.6,68.4,-41.6,17.5,-1.0,RS41-SG,403.800,16.8,-187,8,2.8,-1,-1
2021-04-06T02:50:27.000Z,R5140539,1979,47.05295,15.68854,7646.5,2.1,48.2,67.3,-41.6,17.6,-1.0,RS41-SG,403.800,15.4,0,8,2.8,-1,-1
2021-04-06T02:50:29.000Z,R5140539,1981,47.05327,15.68970,7651.9,1.6,47.3,68.8,-41.6,17.7,-1.0,RS41-SG,403.800,15.8,-187,8,2.7,-1,-1
2021-04-06T02:50:30.000Z,R5140539,1982,47.05342,15.69029,7653.9,3.1,47.3,69.3,-41.5,17.7,-1.0,RS41-SG,403.800,14.2,0,8,2.8,-1,-1
2021-04-06T02:50:31.000Z,R5140539,1983,47.05357,15.69087,7655.9,1.3,47.1,69.4,-41.5,17.9,-1.0,RS41-SG,403.800,14.2,-187,8,2.8,-1,-1
2021-04-06T02:50:32.000Z,R5140539,1984,47.05372,15.69145,7658.6,3.4,47.4,69.7,-41.5,18.0,-1.0,RS41-SG,403.800,13.8,-187,8,2.8,-1,-1
2021-04-06T02:50:34.000Z,R5140539,1986,47.05402,15.69262,7664.8,2.7,47.5,69.7,-41.4,18.0,-1.0,RS41-SG,403.800,14.8,-187,7,2.7,-1,-1
2021-04-06T02:50:35.000Z,R5140539,1987,47.05416,15.69321,7667.6,3.2,47.5,69.5,-41.4,17.9,-1.0,RS41-SG,403.800,14.8,-187,7,2.7,-1,-1
2021-04-06T02:50:36.000Z,R5140539,1988,47.05432,15.69380,7670.7,3.6,47.7,68.5,-41.4,17.9,-1.0,RS41-SG,403.800,13.3,-187,8,2.8,-1,-1
2021-04-06T02:50:37.000Z,R5140539,1989,47.05447,15.69439,7672.9,1.3,48.0,69.9,-41.3,18.0,-1.0,RS41-SG,403.800,15.3,-187,7,2.8,-1,-1
2021-04-06T02:50:38.000Z,R5140539,1990,47.05462,15.69498,7675.2,3.4,48.6,69.3,-41.2,17.9,-1.0,RS41-SG,403.800,15.3,-187,8,2.8,-1,-1
2021-04-06T02:50:39.000Z,R5140539,1991,47.05477,15.69558,7678.1,1.9,47.5,69.6,-41.2,17.9,-1.0,RS41-SG,403.800,14.1,0,8,2.8,-1,-1
2021-04-06T02:50:40.000Z,R5140539,1992,47.05492,15.69616,7681.5,3.7,47.6,69.3,-41.2,17.9,-1.0,RS41-SG,403.800,13.8,-187,7,2.7,-1,-1
2021-04-06T02:50:41.000Z,R5140539,1993,47.05507,15.69675,7684.8,2.3,47.9,70.1,-41.2,18.1,-1.0,RS41-SG,403.800,15.5,-187,8,2.7,-1,-1
2021-04-06T02:50:42.000Z,R5140539,1994,47.05522,15.69734,7687.6,3.3,47.6,69.7,-41.1,17.9,-1.0,RS41-SG,403.800,15.5,-187,8,2.8,-1,-1
2021-04-06T02:50:43.000Z,R5140539,1995,47.05536,15.69793,7691.4,3.8,47.4,69.8,-41.1,17.9,-1.0,RS41-SG,403.800,15.3,-187,8,2.8,-1,-1
2021-04-06T02:50:44.000Z,R5140539,1996,47.05551,15.69851,7694.6,2.0,47.7,70.2,-41.0,17.7,-1.0,RS41-SG,403.800,14.9,-187,8,2.8,-1,-1
2021-04-06T02:50:46.000Z,R5140539,1998,47.05580,15.69969,7700.3,2.1,47.0,70.2,-41.0,17.4,-1.0,RS41-SG,403.800,15.7,-187,8,2.7,-1,-1
2021-04-06T02:50:48.000Z,R5140539,2000,47.05608,15.70086,7706.2,2.7,47.5,69.2,-41.0,16.9,-1.0,RS41-SG,403.800,15.6,-187,8,2.8,-1,-1
2021-04-06T02:50:49.000Z,R5140539,2001,47.05624,15.70145,7709.6,3.9,47.2,69.3,-41.0,16.7,-1.0,RS41-SG,403.800,15.9,-187,8,2.8,-1,-1
2021-04-06T02:50:51.000Z,R5140539,2003,47.05654,15.70260,7716.4,3.7,47.3,68.4,-41.0,16.3,-1.0,RS41-SG,403.800,15.0,-187,8,2.8,-1,-1
2021-04-06T02:50:52.000Z,R5140539,2004,47.05670,15.70318,7719.0,1.6,47.4,68.2,-41.1,16.4,-1.0,RS41-SG,403.800,14.3,0,8,2.7,-1,-1
2021-04-06T02:50:53.000Z,R5140539,2005,47.05685,15.70376,7721.5,3.8,47.0,68.3,-41.1,16.3,-1.0,RS41-SG,403.800,14.3,-187,8,2.7,-1,-1
2021-04-06T02:50:55.000Z,R5140539,2007,47.05716,15.70491,7728.0,4.1,47.0,69.2,-41.1,16.1,-1.0,RS41-SG,403.800,13.8,-187,8,2.8,-1,-1
2021-04-06T02:50:56.000Z,R5140539,2008,47.05731,15.70548,7730.9,2.0,47.0,69.5,-41.2,16.3,-1.0,RS41-SG,403.800,14.7,-187,7,2.8,-1,-1
2021-04-06T02:50:57.000Z,R5140539,2009,47.05746,15.70606,7733.7,3.8,46.9,69.6,-41.2,16.3,-1.0,RS41-SG,403.800,14.7,-187,8,2.8,-1,-1
2021-04-06T02:50:58.000Z,R5140539,2010,47.05760,15.70664,7737.1,2.6,46.7,69.3,-41.2,16.2,-1.0,RS41-SG,403.800,16.8,-187,8,2.7,-1,-1
2021-04-06T02:50:59.000Z,R5140539,2011,47.05775,15.70721,7740.3,4.3,46.8,69.7,-41.2,16.2,-1.0,RS41-SG,403.800,16.8,0,8,2.7,-1,-1
2021-04-06T02:51:00.000Z,R5140539,2012,47.05790,15.70779,7743.7,2.3,47.3,69.4,-41.3,16.3,-1.0,RS41-SG,403.800,15.0,0,8,2.8,-1,-1
2021-04-06T02:51:01.000Z,R5140539,2013,47.05805,15.70837,7746.5,3.3,46.7,69.3,-41.3,16.4,-1.0,RS41-SG,403.800,15.7,0,8,2.8,-1,-1
2021-04-06T02:51:02.000Z,R5140539,2014,47.05820,15.70894,7749.4,2.8,46.3,69.2,-41.3,16.4,-1.0,RS41-SG,403.800,15.7,-187,8,2.8,-1,-1
2021-04-06T02:51:03.000Z,R5140539,2015,47.05834,15.70951,7752.9,4.2,46.1,69.2,-41.3,16.3,-1.0,RS41-SG,403.800,12.7,0,8,2.8,-1,-1
2021-04-06T02:51:08.000Z,R5140539,2020,47.05907,15.71238,7770.3,4.2,47.5,69.5,-41.5,16.8,-1.0,RS41-SG,403.800,14.9,-187,8,2.8,-1,-1
2021-04-06T02:51:09.000Z,R5140539,2021,47.05921,15.71297,7773.9,3.0,48.0,69.9,-41.5,16.8,-1.0,RS41-SG,403.800,15.4,-187,8,2.8,-1,-1
2021-04-06T02:51:10.000Z,R5140539,2022,47.05936,15.71356,7777.6,4.6,47.8,69.8,-41.6,16.7,-1.0,RS41-SG,403.800,15.4,-187,8,2.7,-1,-1
2021-04-06T02:51:11.000Z,R5140539,2023,47.05951,15.71415,7782.1,3.7,46.9,69.9,-41.6,16.6,-1.0,RS41-SG,403.800,15.1,0,8,2.7,-1,-1
2021-04-06T02:51:12.000Z,R5140539,2024,47.05965,15.71472,7785.4,2.9,46.5,69.9,-41.6,16.7,-1.0,RS41-SG,403.800,15.1,-187,8,2.8,-1,-1
2021-04-06T02:51:13.000Z,R5140539,2025,47.05979,15.71530,7788.4,3.8,46.5,70.9,-41.7,16.5,-1.0,RS41-SG,403.800,15.4,-187,8,2.8,-1,-1
2021-04-06T02:51:14.000Z,R5140539,2026,47.05993,15.71588,7792.4,4.7,46.8,71.6,-41.7,16.4,-1.0,RS41-SG,403.800,15.4,-187,8,2.8,-1,-1
2021-04-06T02:51:15.000Z,R5140539,2027,47.06006,15.71646,7796.7,3.6,46.7,70.9,-41.7,16.4,-1.0,RS41-SG,403.800,14.9,-187,8,2.7,-1,-1
2021-04-06T02:51:19.000Z,R5140539,2031,47.06061,15.71880,7812.0,3.8,47.6,71.3,-41.8,15.8,-1.0,RS41-SG,403.800,14.1,-187,8,2.8,-1,-1
2021-04-06T02:51:20.000Z,R5140539,2032,47.06075,15.71939,7815.5,3.9,47.4,70.8,-41.9,15.8,-1.0,RS41-SG,403.800,14.1,-187,8,2.8,-1,-1
2021-04-06T02:51:24.000Z,R5140539,2036,47.06130,15.72171,7829.3,4.9,45.9,70.6,-42.0,15.3,-1.0,RS41-SG,403.800,14.3,-187,8,2.8,-1,-1
2021-04-06T02:51:25.000Z,R5140539,2037,47.06144,15.72228,7833.6,3.6,45.5,70.1,-42.0,15.3,-1.0,RS41-SG,403.800,16.7,0,8,2.8,-1,-1
2021-04-06T02:51:26.000Z,R5140539,2038,47.06158,15.72284,7836.6,2.0,45.6,70.2,-42.0,15.3,-1.0,RS41-SG,403.800,16.7,-187,8,2.8,-1,-1
2021-04-06T02:51:27.000Z,R5140539,2039,47.06172,15.72340,7839.4,3.6,45.6,70.5,-42.1,15.2,-1.0,RS41-SG,403.800,15.5,0,8,2.7,-1,-1
2021-04-06T02:51:28.000Z,R5140539,2040,47.06185,15.72397,7842.5,2.5,45.3,70.6,-42.1,15.2,-1.0,RS41-SG,403.800,15.0,0,8,2.7,-1,-1
2021-04-06T02:51:29.000Z,R5140539,2041,47.06199,15.72453,7845.6,3.0,45.7,70.2,-42.1,15.2,-1.0,RS41-SG,403.800,15.2,0,8,2.8,-1,-1
2021-04-06T02:51:30.000Z,R5140539,2042,47.06213,15.72510,7849.4,3.6,46.2,69.4,-42.2,15.1,-1.0,RS41-SG,403.800,15.3,0,8,2.8,-1,-1
2021-04-06T02:51:31.000Z,R5140539,2043,47.06228,15.72567,7853.5,4.3,46.6,69.2,-42.2,15.0,-1.0,RS41-SG,403.800,15.3,-187,8,2.8,-1,-1
2021-04-06T02:51:33.000Z,R5140539,2045,47.06257,15.72680,7861.4,4.4,45.9,70.0,-42.3,15.0,-1.0,RS41-SG,403.800,15.4,-187,8,2.7,-1,-1
2021-04-06T02:51:34.000Z,R5140539,2046,47.06271,15.72737,7865.4,3.2,46.0,70.1,-42.3,15.0,-1.0,RS41-SG,403.800,14.5,-187,8,2.7,-1,-1
2021-04-06T02:51:35.000Z,R5140539,2047,47.06285,15.72794,7869.5,4.7,45.5,70.5,-42.3,14.8,-1.0,RS41-SG,403.800,15.0,-187,8,2.8,-1,-1
2021-04-06T02:51:36.000Z,R5140539,2048,47.06299,15.72850,7873.9,4.1,44.9,70.9,-42.3,14.7,-1.0,RS41-SG,403.800,15.0,0,8,2.8,-1,-1
2021-04-06T02:51:38.000Z,R5140539,2050,47.06325,15.72961,7881.9,3.6,44.7,70.4,-42.4,14.6,-1.0,RS41-SG,403.800,14.9,-187,8,2.7,-1,-1
2021-04-06T02:51:52.000Z,R5140539,2064,47.06520,15.73728,7929.1,4.1,44.4,70.5,-42.7,12.2,-1.0,RS41-SG,403.800,12.2,3375,8,2.8,-1,-1
2021-04-06T02:51:53.000Z,R5140539,2065,47.06534,15.73783,7933.4,3.4,44.6,70.2,-42.7,12.0,-1.0,RS41-SG,403.800,11.9,0,8,2.8,-1,-1
2021-04-06T02:51:55.000Z,R5140539,2067,47.06561,15.73893,7940.9,3.8,44.2,69.6,-42.8,11.7,-1.0,RS41-SG,403.800,14.7,-187,8,2.7,-1,-1
2021-04-06T02:51:56.000Z,R5140539,2068,47.06575,15.73947,7944.2,3.2,44.6,69.2,-42.8,11.5,-1.0,RS41-SG,403.800,12.7,0,7,2.7,-1,-1
2021-04-06T02:51:57.000Z,R5140539,2069,47.06590,15.74002,7948.3,4.4,44.7,69.4,-42.8,11.4,-1.0,RS41-SG,403.800,11.1,0,8,2.8,-1,-1
2021-04-06T02:52:00.000Z,R5140539,2072,47.06633,15.74166,7959.3,3.2,45.0,68.4,-42.9,10.7,-1.0,RS41-SG,403.800,13.1,0,8,2.8,-1,-1
2021-04-06T02:52:01.000Z,R5140539,2073,47.06648,15.74221,7963.1,4.0,45.0,68.2,-42.9,10.5,-1.0,RS41-SG,403.800,13.1,0,8,2.7,-1,-1
2021-04-06T02:52:02.000Z,R5140539,2074,47.06663,15.74276,7966.9,3.7,44.6,68.5,-42.9,10.5,-1.0,RS41-SG,403.800,12.1,0,8,2.7,-1,-1
2021-04-06T02:52:07.000Z,R5140539,2079,47.06737,15.74546,7985.9,4.1,44.4,68.2,-43.0,10.1,-1.0,RS41-SG,403.800,15.2,0,8,2.7,-1,-1
2021-04-06T02:52:08.000Z,R5140539,2080,47.06752,15.74601,7989.0,2.5,44.5,68.1,-43.0,10.0,-1.0,RS41-SG,403.800,13.0,0,8,2.7,-1,-1
2021-04-06T02:52:12.000Z,R5140539,2084,47.06811,15.74817,8003.5,2.8,44.9,68.5,-43.1,9.5,-1.0,RS41-SG,403.800,10.7,0,8,2.7,-1,-1
2021-04-06T02:52:16.000Z,R5140539,2088,47.06870,15.75037,8020.6,3.3,45.2,68.6,-43.1,8.4,-1.0,RS41-SG,403.800,11.2,0,8,2.8,-1,-1
2021-04-06T02:52:17.000Z,R5140539,2089,47.06885,15.75092,8024.8,5.1,45.1,69.0,-43.0,8.2,-1.0,RS41-SG,403.800,11.2,0,8,2.8,-1,-1
2021-04-06T02:52:20.000Z,R5140539,2092,47.06928,15.75257,8037.7,3.8,44.6,68.6,-43.0,8.0,-1.0,RS41-SG,403.800,12.8,0,8,2.8,-1,-1
2021-04-06T02:52:22.000Z,R5140539,2094,47.06956,15.75366,8047.3,5.6,44.1,69.2,-43.0,7.7,-1.0,RS41-SG,403.800,12.1,0,8,2.8,-1,-1
2021-04-06T02:52:30.000Z,R5140539,2102,47.07069,15.75799,8087.0,6.4,43.7,69.5,-43.1,7.5,-1.0,RS41-SG,403.800,10.9,0,8,2.7,-1,-1
2021-04-06T02:53:30.000Z,R5140539,2162,47.07886,15.79198,8370.9,5.5,47.0,70.5,-44.1,6.0,-1.0,RS41-SG,403.800,12.7,0,8,2.8,-1,-1
2021-04-06T02:53:37.000Z,R5140539,2169,47.07985,15.79605,8405.4,6.4,47.0,70.4,-44.2,5.9,-1.0,RS41-SG,403.800,8.8,0,8,2.8,-1,-1
2021-04-06T02:53:52.000Z,R5140539,2184,47.08193,15.80481,8476.2,5.9,47.6,70.6,-44.6,6.2,-1.0,RS41-SG,403.800,10.6,0,8,2.8,-1,-1
2021-04-06T02:53:55.000Z,R5140539,2187,47.08235,15.80660,8490.8,5.2,47.6,71.0,-44.7,6.2,-1.0,RS41-SG,403.800,13.2,0,8,2.7,-1,-1
2021-04-06T02:53:56.000Z,R5140539,2188,47.08249,15.80719,8495.6,4.2,47.8,71.5,-44.7,6.2,-1.0,RS41-SG,403.800,11.4,0,8,2.7,-1,-1
2021-04-06T02:53:57.000Z,R5140539,2189,47.08262,15.80779,8500.0,4.2,47.8,72.1,-44.7,6.3,-1.0,RS41-SG,403.800,11.4,0,8,2.8,-1,-1
2021-04-06T02:54:09.001Z,R5140539,2201,47.08427,15.81493,8555.9,5.5,48.2,71.7,-45.0,6.6,-1.0,RS41-SG,403.800,12.2,0,8,2.8,-1,-1
2021-04-06T02:54:12.001Z,R5140539,2204,47.08468,15.81673,8570.9,4.1,48.2,71.8,-45.1,6.5,-1.0,RS41-SG,403.800,11.5,0,8,2.8,-1,-1
2021-04-06T02:54:13.001Z,R5140539,2205,47.08482,15.81733,8575.4,5.1,48.0,71.4,-45.1,6.5,-1.0,RS41-SG,403.800,10.7,0,8,2.8,-1,-1
2021-04-06T02:54:20.001Z,R5140539,2212,47.08580,15.82153,8608.7,5.6,48.7,70.5,-45.4,6.7,-1.0,RS41-SG,403.800,12.2,0,8,2.8,-1,-1
2021-04-06T02:54:22.001Z,R5140539,2214,47.08610,15.82273,8618.1,5.1,48.6,70.6,-45.4,6.7,-1.0,RS41-SG,403.800,12.7,0,8,2.8,-1,-1
2021-04-06T02:54:23.001Z,R5140539,2215,47.08624,15.82334,8623.2,4.8,48.6,70.9,-45.5,6.7,-1.0,RS41-SG,403.800,11.8,0,8,2.7,-1,-1
2021-04-06T02:54:24.001Z,R5140539,2216,47.08639,15.82394,8627.6,3.9,48.3,70.6,-45.5,6.8,-1.0,RS41-SG,403.800,11.8,0,8,2.7,-1,-1
2021-04-06T02:54:26.001Z,R5140539,2218,47.08667,15.82514,8637.0,3.3,48.6,71.0,-45.6,6.9,-1.0,RS41-SG,403.800,11.1,0,8,2.8,-1,-1
2021-04-06T02:54:28.001Z,R5140539,2220,47.08696,15.82635,8646.3,4.7,48.4,70.5,-45.7,6.9,-1.0,RS41-SG,403.800,12.4,0,8,2.7,-1,-1
2021-04-06T02:54:29.001Z,R5140539,2221,47.08710,15.82695,8650.6,3.9,48.3,71.0,-45.7,6.9,-1.0,RS41-SG,403.800,10.5,0,8,2.7,-1,-1
2021-04-06T02:54:32.001Z,R5140539,2224,47.08753,15.82875,8665.1,5.0,48.8,71.2,-45.8,6.9,-1.0,RS41-SG,403.800,11.6,0,8,2.8,-1,-1
2021-04-06T02:54:33.001Z,R5140539,2225,47.08767,15.82936,8669.6,3.8,49.1,71.3,-45.8,7.0,-1.0,RS41-SG,403.800,11.5,0,8,2.7,-1,-1
2021-04-06T02:54:34.001Z,R5140539,2226,47.08781,15.82997,8674.0,4.9,49.3,71.0,-45.8,6.9,-1.0,RS41-SG,403.800,12.3,0,8,2.7,-1,-1
2021-04-06T02:54:36.001Z,R5140539,2228,47.08810,15.83119,8682.8,5.2,49.1,71.1,-45.9,6.9,-1.0,RS41-SG,403.800,14.0,0,8,2.8,-1,-1
2021-04-06T02:54:37.001Z,R5140539,2229,47.08824,15.83180,8687.4,4.3,48.8,71.3,-45.9,6.9,-1.0,RS41-SG,403.800,14.0,0,8,2.8,-1,-1
2021-04-06T02:54:38.001Z,R5140539,2230,47.08839,15.83241,8692.2,5.2,48.7,71.0,-46.0,6.9,-1.0,RS41-SG,403.800,12.4,0,8,2.7,-1,-1
2021-04-06T02:54:39.001Z,R5140539,2231,47.08853,15.83302,8696.9,4.4,48.6,70.7,-46.0,7.0,-1.0,RS41-SG,403.800,12.3,0,8,2.7,-1,-1
2021-04-06T02:54:40.001Z,R5140539,2232,47.08867,15.83362,8701.4,4.8,48.7,71.3,-46.0,7.0,-1.0,RS41-SG,403.800,11.0,0,8,2.8,-1,-1
2021-04-06T02:54:41.001Z,R5140539,2233,47.08881,15.83423,8705.7,4.0,48.7,71.3,-46.0,7.1,-1.0,RS41-SG,403.800,10.3,0,8,2.8,-1,-1
2021-04-06T02:54:44.001Z,R5140539,2236,47.08925,15.83605,8718.9,4.2,49.2,70.6,-46.1,7.1,-1.0,RS41-SG,403.800,11.4,0,8,2.7,-1,-1
2021-04-06T02:54:45.001Z,R5140539,2237,47.08939,15.83666,8723.1,4.3,49.1,70.9,-46.1,7.1,-1.0,RS41-SG,403.800,11.4,0,8,2.8,-1,-1
2021-04-06T02:54:47.001Z,R5140539,2239,47.08969,15.83788,8732.1,4.1,49.1,69.6,-46.2,7.2,-1.0,RS41-SG,403.800,13.1,0,8,2.8,-1,-1
2021-04-06T02:54:48.001Z,R5140539,2240,47.08984,15.83848,8736.6,4.8,48.9,70.1,-46.3,7.3,-1.0,RS41-SG,403.800,13.1,0,8,2.7,-1,-1
2021-04-06T02:54:49.001Z,R5140539,2241,47.08999,15.83909,8741.6,4.9,48.8,70.7,-46.3,7.3,-1.0,RS41-SG,403.800,12.8,0,8,2.7,-1,-1
2021-04-06T02:54:50.001Z,R5140539,2242,47.09014,15.83969,8745.9,3.6,48.7,70.1,-46.3,7.4,-1.0,RS41-SG,403.800,11.8,0,8,2.8,-1,-1
2021-04-06T02:54:52.001Z,R5140539,2244,47.09043,15.84090,8754.9,4.0,48.3,70.7,-46.4,7.5,-1.0,RS41-SG,403.800,12.3,0,8,2.8,-1,-1
2021-04-06T02:54:53.001Z,R5140539,2245,47.09057,15.84150,8759.2,4.6,48.3,70.8,-46.4,7.4,-1.0,RS41-SG,403.800,12.3,0,8,2.8,-1,-1
2021-04-06T02:54:54.001Z,R5140539,2246,47.09072,15.84210,8763.1,3.0,48.5,70.4,-46.4,7.4,-1.0,RS41-SG,403.800,9.9,0,8,2.7,-1,-1
2021-04-06T02:54:56.001Z,R5140539,2248,47.09101,15.84331,8772.0,4.2,49.2,70.8,-46.4,7.3,-1.0,RS41-SG,403.800,11.6,0,8,2.7,-1,-1
2021-04-06T02:54:57.001Z,R5140539,2249,47.09116,15.84392,8776.5,4.9,49.3,70.7,-46.4,7.2,-1.0,RS41-SG,403.800,10.9,0,8,2.8,-1,-1
2021-04-06T02:54:59.001Z,R5140539,2251,47.09146,15.84515,8785.7,4.0,49.6,70.5,-46.5,7.3,-1.0,RS41-SG,403.800,11.4,0,8,2.8,-1,-1
2021-04-06T02:55:00.001Z,R5140539,2252,47.09161,15.84576,8790.1,4.4,49.6,70.6,-46.5,7.3,-1.0,RS41-SG,403.800,11.7,0,8,2.8,-1,-1
2021-04-06T02:55:03.001Z,R5140539,2255,47.09206,15.84760,8803.4,3.4,48.9,70.1,-46.6,7.6,-1.0,RS41-SG,403.800,13.8,0,8,2.8,-1,-1
2021-04-06T02:55:04.001Z,R5140539,2256,47.09221,15.84820,8807.1,4.3,48.6,70.0,-46.7,7.6,-1.0,RS41-SG,403.800,12.7,0,8,2.8,-1,-1
2021-04-06T02:55:08.001Z,R5140539,2260,47.09281,15.85057,8824.5,3.8,48.2,69.8,-46.8,8.0,-1.0,RS41-SG,403.800,13.0,0,8,2.8,-1,-1
2021-04-06T02:55:09.001Z,R5140539,2261,47.09296,15.85117,8828.9,4.9,48.5,69.7,-46.9,8.1,-1.0,RS41-SG,403.800,12.0,0,8,2.8,-1,-1
2021-04-06T02:55:10.001Z,R5140539,2262,47.09311,15.85177,8833.2,3.0,48.5,69.9,-46.9,8.2,-1.0,RS41-SG,403.800,12.4,0,8,2.8,-1,-1
2021-04-06T02:55:12.001Z,R5140539,2264,47.09341,15.85297,8842.2,3.6,49.3,69.7,-47.0,8.4,-1.0,RS41-SG,403.800,12.9,0,8,2.7,-1,-1
2021-04-06T02:55:13.001Z,R5140539,2265,47.09356,15.85358,8846.3,4.6,49.2,69.9,-47.0,8.5,-1.0,RS41-SG,403.800,10.3,0,8,2.8,-1,-1
2021-04-06T02:55:15.001Z,R5140539,2267,47.09386,15.85479,8855.1,4.8,48.9,69.9,-47.0,8.8,-1.0,RS41-SG,403.800,9.7,0,8,2.8,-1,-1
2021-04-06T02:55:19.001Z,R5140539,2271,47.09447,15.85717,8873.0,3.3,47.9,69.2,-47.1,9.0,-1.0,RS41-SG,403.800,11.0,0,8,2.8,-1,-1
2021-04-06T02:55:21.001Z,R5140539,2273,47.09477,15.85835,8881.6,4.0,47.7,69.9,-47.1,9.1,-1.0,RS41-SG,403.800,11.9,0,8,2.7,-1,-1
2021-04-06T02:55:25.001Z,R5140539,2277,47.09537,15.86073,8900.5,4.4,48.1,70.4,-47.2,8.5,-1.0,RS41-SG,403.800,12.1,0,8,2.8,-1,-1
2021-04-06T02:55:26.001Z,R5140539,2278,47.09552,15.86132,8905.0,4.2,48.4,69.8,-47.2,8.4,-1.0,RS41-SG,403.800,11.0,0,8,2.7,-1,-1
2021-04-06T02:55:28.001Z,R5140539,2280,47.09582,15.86252,8913.4,3.7,48.2,69.7,-47.2,8.4,-1.0,RS41-SG,403.800,11.6,0,8,2.8,-1,-1
2021-04-06T02:55:29.001Z,R5140539,2281,47.09597,15.86311,8917.9,5.7,48.2,69.7,-47.3,8.3,-1.0,RS41-SG,403.800,12.0,0,8,2.8,-1,-1
2021-04-06T02:55:30.001Z,R5140539,2282,47.09612,15.86371,8922.7,3.8,48.5,69.3,-47.3,8.4,-1.0,RS41-SG,403.800,12.0,0,8,2.8,-1,-1
2021-04-06T02:55:34.001Z,R5140539,2286,47.09673,15.86608,8939.2,3.6,48.5,68.9,-47.4,8.4,-1.0,RS41-SG,403.800,12.2,0,8,2.8,-1,-1
2021-04-06T02:55:35.001Z,R5140539,2287,47.09689,15.86668,8943.2,4.1,48.6,68.9,-47.4,8.4,-1.0,RS41-SG,403.800,11.6,0,8,2.8,-1,-1
2021-04-06T02:55:36.001Z,R5140539,2288,47.09704,15.86727,8946.8,3.6,48.5,69.3,-47.5,8.4,-1.0,RS41-SG,403.800,11.1,0,8,2.7,-1,-1
2021-04-06T02:55:38.001Z,R5140539,2290,47.09735,15.86848,8954.6,3.3,49.6,69.6,-47.5,8.5,-1.0,RS41-SG,403.800,12.5,0,8,2.8,-1,-1
2021-04-06T02:55:39.001Z,R5140539,2291,47.09751,15.86910,8958.0,3.8,49.6,69.5,-47.5,8.5,-1.0,RS41-SG,403.800,11.8,0,8,2.8,-1,-1
2021-04-06T02:55:40.001Z,R5140539,2292,47.09766,15.86970,8962.1,4.3,49.0,69.6,-47.5,8.5,-1.0,RS41-SG,403.800,13.3,0,8,2.8,-1,-1
2021-04-06T02:55:41.001Z,R5140539,2293,47.09782,15.87030,8965.9,3.6,48.5,69.5,-47.5,8.6,-1.0,RS41-SG,403.800,13.3,0,8,2.7,-1,-1
2021-04-06T02:55:42.001Z,R5140539,2294,47.09797,15.87090,8969.6,3.8,48.5,69.1,-47.6,8.7,-1.0,RS41-SG,403.800,12.6,0,8,2.7,-1,-1
2021-04-06T02:55:43.001Z,R5140539,2295,47.09813,15.87150,8973.7,3.9,48.4,68.8,-47.6,8.8,-1.0,RS41-SG,403.800,12.4,0,8,2.8,-1,-1
2021-04-06T02:55:46.001Z,R5140539,2298,47.09859,15.87329,8985.4,3.2,49.3,69.1,-47.6,9.1,-1.0,RS41-SG,403.800,13.9,0,8,2.7,-1,-1
2021-04-06T02:55:47.001Z,R5140539,2299,47.09875,15.87390,8989.5,4.7,49.8,69.6,-47.6,9.1,-1.0,RS41-SG,403.800,13.7,0,8,2.7,-1,-1
2021-04-06T02:55:48.001Z,R5140539,2300,47.09891,15.87451,8993.5,3.4,49.6,69.4,-47.7,9.2,-1.0,RS41-SG,403.800,14.2,0,8,2.8,-1,-1
2021-04-06T02:55:49.001Z,R5140539,2301,47.09906,15.87512,8997.6,4.7,49.9,69.9,-47.7,9.3,-1.0,RS41-SG,403.800,14.8,0,8,2.8,-1,-1
2021-04-06T02:55:50.001Z,R5140539,2302,47.09922,15.87574,9001.6,3.1,50.2,69.4,-47.7,9.4,-1.0,RS41-SG,403.800,14.8,0,8,2.8,-1,-1
2021-04-06T02:55:51.001Z,R5140539,2303,47.09938,15.87636,9005.3,4.4,50.0,69.6,-47.7,9.5,-1.0,RS41-SG,403.800,13.7,0,8,2.7,-1,-1
2021-04-06T02:55:53.001Z,R5140539,2305,47.09968,15.87758,9013.6,4.7,49.2,69.6,-47.8,9.9,-1.0,RS41-SG,403.800,14.6,0,8,2.8,-1,-1
2021-04-06T02:55:55.001Z,R5140539,2307,47.09999,15.87880,9021.8,3.3,49.1,69.3,-47.8,10.3,-1.0,RS41-SG,403.800,13.8,0,8,2.8,-1,-1
2021-04-06T02:55:57.001Z,R5140539,2309,47.10030,15.88000,9030.1,2.7,49.1,69.6,-47.9,10.6,-1.0,RS41-SG,403.800,13.2,0,8,2.7,-1,-1
2021-04-06T02:55:58.001Z,R5140539,2310,47.10046,15.88061,9033.9,4.6,49.0,69.6,-47.9,10.6,-1.0,RS41-SG,403.800,12.2,0,8,2.8,-1,-1
2021-04-06T02:56:01.001Z,R5140539,2313,47.10091,15.88243,9046.3,4.1,49.2,69.7,-48.0,11.0,-1.0,RS41-SG,403.800,14.6,0,8,2.7,-1,-1
2021-04-06T02:56:02.001Z,R5140539,2314,47.10107,15.88303,9049.7,2.8,49.2,69.7,-48.1,11.1,-1.0,RS41-SG,403.800,14.6,0,8,2.7,-1,-1
2021-04-06T02:56:03.001Z,R5140539,2315,47.10122,15.88364,9053.1,3.8,48.9,70.0,-48.1,11.2,-1.0,RS41-SG,403.800,14.2,0,8,2.8,-1,-1
2021-04-06T02:56:04.001Z,R5140539,2316,47.10137,15.88424,9056.8,3.2,48.8,69.8,-48.1,11.3,-1.0,RS41-SG,403.800,13.6,0,8,2.8,-1,-1
2021-04-06T02:56:05.001Z,R5140539,2317,47.10152,15.88484,9061.2,5.1,48.8,69.5,-48.2,11.3,-1.0,RS41-SG,403.800,13.6,0,8,2.8,-1,-1
2021-04-06T02:56:06.001Z,R5140539,2318,47.10167,15.88544,9065.5,3.3,48.9,70.0,-48.2,11.4,-1.0,RS41-SG,403.800,13.6,0,8,2.7,-1,-1
2021-04-06T02:56:08.001Z,R5140539,2320,47.10198,15.88666,9073.0,3.1,49.3,69.8,-48.2,11.6,-1.0,RS41-SG,403.800,14.3,0,8,2.7,-1,-1
2021-04-06T02:56:09.001Z,R5140539,2321,47.10213,15.88727,9077.2,5.2,49.5,70.5,-48.3,11.6,-1.0,RS41-SG,403.800,13.2,0,8,2.8,-1,-1
2021-04-06T02:56:12.001Z,R5140539,2324,47.10256,15.88911,9089.7,3.3,49.3,70.2,-48.3,11.9,-1.0,RS41-SG,403.800,14.4,0,8,2.8,-1,-1
2021-04-06T02:56:14.001Z,R5140539,2326,47.10286,15.89033,9097.7,3.5,48.9,70.7,-48.4,12.0,-1.0,RS41-SG,403.800,14.2,0,8,2.7,-1,-1
2021-04-06T02:56:15.001Z,R5140539,2327,47.10300,15.89094,9101.9,3.9,48.8,70.2,-48.4,11.9,-1.0,RS41-SG,403.800,14.7,0,8,2.8,-1,-1
2021-04-06T02:56:16.001Z,R5140539,2328,47.10316,15.89154,9106.2,4.6,48.7,69.4,-48.4,11.7,-1.0,RS41-SG,403.800,14.7,0,8,2.8,-1,-1
2021-04-06T02:56:17.001Z,R5140539,2329,47.10331,15.89214,9109.7,2.7,48.6,69.5,-48.4,11.5,-1.0,RS41-SG,403.800,14.3,0,8,2.8,-1,-1
2021-04-06T02:56:19.001Z,R5140539,2331,47.10362,15.89333,9117.6,4.4,48.5,68.6,-48.4,11.3,-1.0,RS41-SG,403.800,15.6,0,8,2.7,-1,-1
2021-04-06T02:56:20.001Z,R5140539,2332,47.10378,15.89393,9122.1,3.8,48.6,68.3,-48.5,11.2,-1.0,RS41-SG,403.800,15.3,0,8,2.8,-1,-1
2021-04-06T02:56:21.001Z,R5140539,2333,47.10394,15.89452,9126.2,4.2,48.8,68.7,-48.5,11.0,-1.0,RS41-SG,403.800,15.3,0,8,2.8,-1,-1
2021-04-06T02:56:22.001Z,R5140539,2334,47.10410,15.89512,9130.8,4.9,49.2,69.3,-48.5,10.9,-1.0,RS41-SG,403.800,15.2,0,8,2.8,-1,-1
2021-04-06T02:56:23.001Z,R5140539,2335,47.10426,15.89573,9135.7,4.5,49.5,69.0,-48.6,10.7,-1.0,RS41-SG,403.800,15.1,0,8,2.7,-1,-1
2021-04-06T02:56:25.001Z,R5140539,2337,47.10458,15.89696,9143.4,5.8,50.6,69.1,-48.6,10.6,-1.0,RS41-SG,403.800,16.2,0,8,2.7,-1,-1
2021-04-06T02:56:26.001Z,R5140539,2338,47.10474,15.89758,9147.9,3.3,50.8,69.2,-48.7,10.4,-1.0,RS41-SG,403.800,15.7,0,8,2.8,-1,-1
2021-04-06T02:56:27.001Z,R5140539,2339,47.10490,15.89821,9152.5,6.2,50.6,69.3,-48.7,10.2,-1.0,RS41-SG,403.800,15.1,0,8,2.8,-1,-1
2021-04-06T02:56:28.001Z,R5140539,2340,47.10506,15.89883,9157.0,3.1,50.1,69.3,-48.7,10.3,-1.0,RS41-SG,403.800,15.1,0,8,2.8,-1,-1
2021-04-06T02:56:29.001Z,R5140539,2341,47.10522,15.89944,9160.9,4.9,49.9,69.1,-48.7,10.2,-1.0,RS41-SG,403.800,15.8,0,8,2.8,-1,-1
2021-04-06T02:56:30.001Z,R5140539,2342,47.10538,15.90005,9165.0,3.4,49.9,68.9,-48.7,10.3,-1.0,RS41-SG,403.800,15.8,0,8,2.7,-1,-1
2021-04-06T02:56:31.001Z,R5140539,2343,47.10554,15.90066,9169.0,4.6,49.4,68.5,-48.7,10.3,-1.0,RS41-SG,403.800,14.4,0,8,2.7,-1,-1
2021-04-06T02:56:32.001Z,R5140539,2344,47.10570,15.90126,9173.7,4.3,48.9,68.2,-48.7,10.3,-1.0,RS41-SG,403.800,15.4,0,8,2.8,-1,-1
2021-04-06T02:56:33.001Z,R5140539,2345,47.10587,15.90186,9177.1,3.1,49.1,68.3,-48.8,10.4,-1.0,RS41-SG,403.800,15.4,0,8,2.8,-1,-1
2021-04-06T02:56:34.001Z,R5140539,2346,47.10603,15.90246,9181.3,5.3,48.9,68.5,-48.8,10.6,-1.0,RS41-SG,403.800,15.8,0,8,2.8,-1,-1
2021-04-06T02:56:35.001Z,R5140539,2347,47.10619,15.90306,9185.3,2.9,48.7,68.6,-48.9,10.6,-1.0,RS41-SG,403.800,15.8,0,7,2.7,-1,-1
2021-04-06T02:56:37.001Z,R5140539,2349,47.10651,15.90425,9192.9,3.2,49.3,68.2,-48.9,10.8,-1.0,RS41-SG,403.800,16.4,0,8,2.7,-1,-1
2021-04-06T02:56:38.001Z,R5140539,2350,47.10667,15.90486,9196.7,4.4,49.7,68.5,-49.0,10.9,-1.0,RS41-SG,403.800,15.8,0,8,2.8,-1,-1
2021-04-06T02:56:39.001Z,R5140539,2351,47.10684,15.90547,9200.8,4.1,49.4,68.8,-49.0,10.9,-1.0,RS41-SG,403.800,16.0,0,8,2.8,-1,-1
2021-04-06T02:56:40.001Z,R5140539,2352,47.10699,15.90607,9205.3,4.9,49.6,69.4,-49.0,11.0,-1.0,RS41-SG,403.800,16.0,0,8,2.8,-1,-1
2021-04-06T02:56:41.001Z,R5140539,2353,47.10715,15.90669,9209.2,2.8,49.8,70.0,-49.0,11.1,-1.0,RS41-SG,403.800,15.4,0,8,2.8,-1,-1
2021-04-06T02:56:42.001Z,R5140539,2354,47.10730,15.90730,9213.2,4.9,49.6,70.2,-49.0,11.2,-1.0,RS41-SG,403.800,15.2,0,8,2.7,-1,-1
2021-04-06T02:56:44.001Z,R5140539,2356,47.10760,15.90852,9221.6,3.9,49.2,70.6,-49.0,11.3,-1.0,RS41-SG,403.800,15.6,0,8,2.8,-1,-1
2021-04-06T02:56:45.001Z,R5140539,2357,47.10775,15.90913,9225.1,3.2,49.3,71.1,-49.0,11.4,-1.0,RS41-SG,403.800,14.3,0,8,2.8,-1,-1
2021-04-06T02:56:46.001Z,R5140539,2358,47.10789,15.90974,9229.4,5.1,48.6,71.9,-49.1,11.3,-1.0,RS41-SG,403.800,14.0,0,8,2.8,-1,-1
2021-04-06T02:56:47.001Z,R5140539,2359,47.10802,15.91035,9233.3,2.4,48.3,71.9,-49.1,11.4,-1.0,RS41-SG,403.800,14.0,0,8,2.7,-1,-1
2021-04-06T02:56:48.001Z,R5140539,2360,47.10816,15.91095,9237.1,5.3,48.3,71.7,-49.1,11.3,-1.0,RS41-SG,403.800,14.1,0,8,2.7,-1,-1
2021-04-06T02:56:50.001Z,R5140539,2362,47.10844,15.91217,9246.3,5.2,48.7,70.7,-49.2,11.3,-1.0,RS41-SG,403.800,14.4,0,8,2.8,-1,-1
2021-04-06T02:56:51.001Z,R5140539,2363,47.10858,15.91277,9250.7,4.3,48.1,70.4,-49.2,11.4,-1.0,RS41-SG,403.800,13.8,0,8,2.8,-1,-1
2021-04-06T02:56:52.001Z,R5140539,2364,47.10873,15.91337,9255.4,5.3,48.4,70.2,-49.3,11.4,-1.0,RS41-SG,403.800,14.8,0,8,2.8,-1,-1
2021-04-06T02:56:53.001Z,R5140539,2365,47.10887,15.91396,9259.9,3.3,48.3,70.3,-49.3,11.5,-1.0,RS41-SG,403.800,14.8,0,8,2.8,-1,-1
2021-04-06T02:56:56.001Z,R5140539,2368,47.10930,15.91573,9272.0,5.0,47.1,70.8,-49.3,11.3,-1.0,RS41-SG,403.800,14.8,0,8,2.8,-1,-1
2021-04-06T02:56:57.001Z,R5140539,2369,47.10944,15.91632,9276.4,4.3,47.3,71.3,-49.4,11.3,-1.0,RS41-SG,403.800,15.7,0,8,2.8,-1,-1
2021-04-06T02:56:58.001Z,R5140539,2370,47.10958,15.91691,9280.6,3.9,47.2,71.1,-49.4,11.2,-1.0,RS41-SG,403.800,15.7,0,8,2.8,-1,-1
2021-04-06T02:56:59.001Z,R5140539,2371,47.10971,15.91749,9284.5,3.4,47.0,71.0,-49.4,11.2,-1.0,RS41-SG,403.800,14.4,0,8,2.7,-1,-1
2021-04-06T02:57:01.001Z,R5140539,2373,47.10999,15.91867,9292.2,3.6,47.5,71.2,-49.5,11.0,-1.0,RS41-SG,403.800,14.0,0,8,2.7,-1,-1
2021-04-06T02:57:02.001Z,R5140539,2374,47.11013,15.91926,9296.6,5.3,47.1,70.9,-49.5,10.8,-1.0,RS41-SG,403.800,14.0,0,8,2.8,-1,-1
2021-04-06T02:57:03.001Z,R5140539,2375,47.11027,15.91984,9301.1,3.8,47.0,70.7,-49.5,10.7,-1.0,RS41-SG,403.800,12.5,0,8,2.8,-1,-1
2021-04-06T02:57:04.001Z,R5140539,2376,47.11041,15.92043,9305.4,5.1,47.2,70.9,-49.6,10.5,-1.0,RS41-SG,403.800,13.8,0,8,2.8,-1,-1
2021-04-06T02:57:05.001Z,R5140539,2377,47.11055,15.92102,9310.0,4.3,47.5,70.7,-49.6,10.3,-1.0,RS41-SG,403.800,13.8,0,8,2.8,-1,-1
2021-04-06T02:57:06.001Z,R5140539,2378,47.11069,15.92160,9313.8,3.3,47.4,70.5,-49.6,10.1,-1.0,RS41-SG,403.800,13.2,0,8,2.7,-1,-1
2021-04-06T02:57:07.001Z,R5140539,2379,47.11083,15.92219,9317.8,4.7,47.2,70.4,-49.7,10.0,-1.0,RS41-SG,403.800,13.7,0,8,2.7,-1,-1
2021-04-06T02:57:08.001Z,R5140539,2380,47.11097,15.92278,9321.6,3.0,47.4,70.5,-49.7,9.9,-1.0,RS41-SG,403.800,13.7,0,8,2.7,-1,-1
2021-04-06T02:57:09.001Z,R5140539,2381,47.11111,15.92336,9325.6,4.5,47.3,70.1,-49.7,9.8,-1.0,RS41-SG,403.800,14.3,0,8,2.8,-1,-1
2021-04-06T02:57:10.001Z,R5140539,2382,47.11126,15.92394,9329.2,2.6,46.9,69.6,-49.8,9.7,-1.0,RS41-SG,403.800,14.7,0,8,2.8,-1,-1
2021-04-06T02:57:11.001Z,R5140539,2383,47.11141,15.92452,9332.7,4.6,46.6,69.7,-49.8,9.5,-1.0,RS41-SG,403.800,14.7,0,8,2.8,-1,-1
2021-04-06T02:57:12.001Z,R5140539,2384,47.11155,15.92510,9336.7,3.4,46.7,69.9,-49.8,9.3,-1.0,RS41-SG,403.800,14.6,0,8,2.8,-1,-1
2021-04-06T02:57:13.001Z,R5140539,2385,47.11169,15.92567,9340.8,4.9,46.5,70.2,-49.9,9.2,-1.0,RS41-SG,403.800,14.2,0,8,2.7,-1,-1
2021-04-06T02:57:14.001Z,R5140539,2386,47.11184,15.92625,9344.7,3.0,46.3,70.3,-49.9,9.1,-1.0,RS41-SG,403.800,13.6,0,8,2.7,-1,-1
2021-04-06T02:57:16.001Z,R5140539,2388,47.11211,15.92740,9352.5,4.4,46.2,71.0,-50.0,8.9,-1.0,RS41-SG,403.800,14.5,0,8,2.8,-1,-1
2021-04-06T02:57:17.001Z,R5140539,2389,47.11225,15.92797,9355.9,2.5,46.0,70.7,-50.0,8.8,-1.0,RS41-SG,403.800,13.3,0,8,2.8,-1,-1
2021-04-06T02:57:18.001Z,R5140539,2390,47.11238,15.92854,9359.4,4.3,46.0,70.5,-50.0,8.7,-1.0,RS41-SG,403.800,13.0,0,8,2.8,-1,-1
2021-04-06T02:57:20.001Z,R5140539,2392,47.11266,15.92969,9366.6,4.6,46.4,70.3,-50.1,8.6,-1.0,RS41-SG,403.800,12.5,0,8,2.7,-1,-1
2021-04-06T02:57:22.001Z,R5140539,2394,47.11295,15.93083,9374.3,4.8,46.3,70.0,-50.1,8.5,-1.0,RS41-SG,403.800,13.7,0,8,2.7,-1,-1
2021-04-06T02:57:23.001Z,R5140539,2395,47.11309,15.93140,9378.7,3.8,46.6,70.2,-50.2,8.4,-1.0,RS41-SG,403.800,13.0,0,8,2.8,-1,-1
2021-04-06T02:57:25.001Z,R5140539,2397,47.11338,15.93256,9387.2,4.4,46.5,69.7,-50.2,8.3,-1.0,RS41-SG,403.800,14.6,0,8,2.8,-1,-1
2021-04-06T02:57:26.001Z,R5140539,2398,47.11352,15.93313,9391.0,3.2,46.7,69.8,-50.2,8.2,-1.0,RS41-SG,403.800,14.6,0,8,2.8,-1,-1
2021-04-06T02:57:27.001Z,R5140539,2399,47.11367,15.93371,9394.6,3.5,46.9,69.8,-50.2,8.1,-1.0,RS41-SG,403.800,12.9,0,8,2.7,-1,-1
2021-04-06T02:57:28.001Z,R5140539,2400,47.11381,15.93428,9398.7,4.5,46.6,69.0,-50.2,8.0,-1.0,RS41-SG,403.800,13.0,0,8,2.7,-1,-1
2021-04-06T02:57:29.001Z,R5140539,2401,47.11396,15.93486,9403.0,3.7,46.6,68.8,-50.3,8.0,-1.0,RS41-SG,403.800,13.4,0,8,2.7,-1,-1
2021-04-06T02:57:30.001Z,R5140539,2402,47.11412,15.93543,9406.7,3.6,46.9,69.1,-50.3,7.9,-1.0,RS41-SG,403.800,14.5,0,8,2.8,-1,-1
2021-04-06T02:57:31.001Z,R5140539,2403,47.11426,15.93601,9410.1,3.7,47.0,69.4,-50.3,7.9,-1.0,RS41-SG,403.800,14.5,0,8,2.8,-1,-1
2021-04-06T02:57:32.001Z,R5140539,2404,47.11441,15.93658,9414.0,4.0,46.6,69.3,-50.4,7.9,-1.0,RS41-SG,403.800,12.8,0,8,2.8,-1,-1
2021-04-06T02:57:33.001Z,R5140539,2405,47.11456,15.93715,9418.2,4.1,46.3,69.4,-50.4,7.8,-1.0,RS41-SG,403.800,12.6,0,8,2.8,-1,-1
2021-04-06T02:57:35.001Z,R5140539,2407,47.11485,15.93830,9426.0,4.3,46.3,70.5,-50.4,7.7,-1.0,RS41-SG,403.800,13.0,0,8,2.7,-1,-1
2021-04-06T02:57:38.001Z,R5140539,2410,47.11526,15.94001,9438.0,3.3,45.6,70.6,-50.5,7.7,-1.0,RS41-SG,403.800,11.3,0,8,2.8,-1,-1
2021-04-06T02:57:39.001Z,R5140539,2411,47.11539,15.94057,9442.0,4.7,45.0,70.8,-50.6,7.6,-1.0,RS41-SG,403.800,11.3,0,8,2.8,-1,-1
2021-04-06T02:57:41.001Z,R5140539,2413,47.11566,15.94168,9450.4,3.3,45.1,70.8,-50.6,7.7,-1.0,RS41-SG,403.800,12.7,0,8,2.7,-1,-1
2021-04-06T02:57:42.001Z,R5140539,2414,47.11579,15.94224,9454.6,4.4,45.3,70.5,-50.7,7.7,-1.0,RS41-SG,403.800,10.2,0,8,2.7,-1,-1
2021-04-06T02:57:43.001Z,R5140539,2415,47.11593,15.94280,9458.7,3.2,45.3,69.9,-50.7,7.7,-1.0,RS41-SG,403.800,11.0,0,8,2.7,-1,-1
2021-04-06T02:57:45.001Z,R5140539,2417,47.11622,15.94392,9467.0,3.7,45.9,69.5,-50.8,7.8,-1.0,RS41-SG,403.800,12.6,0,8,2.8,-1,-1
2021-04-06T02:57:46.001Z,R5140539,2418,47.11636,15.94449,9471.0,4.5,46.2,69.1,-50.8,7.7,-1.0,RS41-SG,403.800,11.2,0,8,2.8,-1,-1
2021-04-06T02:57:50.001Z,R5140539,2422,47.11695,15.94675,9487.5,4.9,45.7,70.2,-50.9,7.7,-1.0,RS41-SG,403.800,11.0,0,8,2.7,-1,-1
2021-04-06T02:57:51.001Z,R5140539,2423,47.11708,15.94731,9491.7,3.4,45.3,70.3,-51.0,7.7,-1.0,RS41-SG,403.800,10.2,0,8,2.8,-1,-1
2021-04-06T02:57:53.001Z,R5140539,2425,47.11735,15.94844,9499.9,3.2,45.3,71.1,-51.1,7.7,-1.0,RS41-SG,403.800,9.1,0,8,2.8,-1,-1
2021-04-06T02:57:54.001Z,R5140539,2426,47.11749,15.94900,9503.9,4.7,45.1,70.5,-51.1,7.6,-1.0,RS41-SG,403.800,9.6,0,8,2.8,-1,-1
2021-04-06T02:57:55.001Z,R5140539,2427,47.11762,15.94956,9508.4,4.1,44.9,70.1,-51.1,7.6,-1.0,RS41-SG,403.800,9.6,0,8,2.7,-1,-1
2021-04-06T02:58:00.001Z,R5140539,2432,47.11831,15.95233,9527.9,3.7,44.8,70.8,-51.3,7.6,-1.0,RS41-SG,403.800,10.4,0,8,2.8,-1,-1
2021-04-06T02:58:05.001Z,R5140539,2437,47.11898,15.95515,9547.7,4.9,45.9,70.7,-51.4,7.3,-1.0,RS41-SG,403.800,10.4,0,8,2.8,-1,-1
2021-04-06T02:58:09.001Z,R5140539,2441,47.11953,15.95740,9564.6,4.4,44.7,70.5,-51.5,7.2,-1.0,RS41-SG,403.800,12.0,0,8,2.8,-1,-1
2021-04-06T02:58:10.001Z,R5140539,2442,47.11966,15.95796,9568.9,4.1,44.4,70.6,-51.5,7.2,-1.0,RS41-SG,403.800,13.1,0,8,2.8,-1,-1
2021-04-06T02:58:11.001Z,R5140539,2443,47.11979,15.95851,9572.5,3.1,44.4,71.0,-51.6,7.2,-1.0,RS41-SG,403.800,13.1,0,8,2.7,-1,-1
2021-04-06T02:58:12.001Z,R5140539,2444,47.11992,15.95906,9576.3,4.3,44.7,71.1,-51.6,7.2,-1.0,RS41-SG,403.800,12.0,0,8,2.7,-1,-1
2021-04-06T02:58:13.001Z,R5140539,2445,47.12005,15.95962,9580.2,3.3,44.5,70.8,-51.6,7.2,-1.0,RS41-SG,403.800,12.0,0,8,2.7,-1,-1
2021-04-06T02:58:15.001Z,R5140539,2447,47.12032,15.96073,9588.6,3.5,45.5,70.7,-51.7,7.2,-1.0,RS41-SG,403.800,12.8,0,8,2.8,-1,-1
2021-04-06T02:58:16.001Z,R5140539,2448,47.12046,15.96130,9592.6,4.5,46.0,70.6,-51.7,7.2,-1.0,RS41-SG,403.800,12.8,0,8,2.8,-1,-1
2021-04-06T02:58:17.001Z,R5140539,2449,47.12059,15.96187,9596.0,2.4,46.0,70.3,-51.7,7.2,-1.0,RS41-SG,403.800,12.7,0,8,2.8,-1,-1
2021-04-06T02:58:18.001Z,R5140539,2450,47.12073,15.96244,9599.6,4.1,46.1,70.2,-51.7,7.3,-1.0,RS41-SG,403.800,10.8,0,8,2.7,-1,-1
2021-04-06T02:58:20.001Z,R5140539,2452,47.12101,15.96359,9608.3,4.9,46.3,70.6,-51.8,7.2,-1.0,RS41-SG,403.800,12.3,0,8,2.7,-1,-1
2021-04-06T02:58:21.001Z,R5140539,2453,47.12115,15.96416,9612.8,3.9,45.7,70.7,-51.8,7.2,-1.0,RS41-SG,403.800,12.3,0,8,2.8,-1,-1
2021-04-06T02:58:22.001Z,R5140539,2454,47.12128,15.96472,9617.2,5.2,45.2,70.9,-51.8,7.2,-1.0,RS41-SG,403.800,11.2,0,8,2.8,-1,-1
2021-04-06T02:58:23.001Z,R5140539,2455,47.12142,15.96529,9621.4,3.2,45.3,71.7,-51.8,7.3,-1.0,RS41-SG,403.800,11.5,0,8,2.8,-1,-1
2021-04-06T02:58:24.001Z,R5140539,2456,47.12154,15.96585,9625.2,4.0,44.7,71.7,-51.8,7.3,-1.0,RS41-SG,403.800,11.5,0,8,2.7,-1,-1
2021-04-06T02:58:25.001Z,R5140539,2457,47.12167,15.96640,9629.6,4.3,44.1,71.7,-51.8,7.3,-1.0,RS41-SG,403.800,10.9,0,8,2.7,-1,-1
2021-04-06T02:58:27.001Z,R5140539,2459,47.12192,15.96751,9638.0,2.9,44.6,71.7,-51.9,7.3,-1.0,RS41-SG,403.800,9.5,0,8,2.8,-1,-1
2021-04-06T02:58:28.001Z,R5140539,2460,47.12204,15.96807,9642.1,5.1,44.9,72.0,-51.9,7.3,-1.0,RS41-SG,403.800,9.2,0,8,2.8,-1,-1
2021-04-06T02:58:32.001Z,R5140539,2464,47.12256,15.97034,9658.5,4.2,46.1,71.0,-52.1,7.5,-1.0,RS41-SG,403.800,10.4,0,8,2.8,-1,-1
2021-04-06T02:58:34.001Z,R5140539,2466,47.12283,15.97149,9666.8,3.7,46.2,70.8,-52.1,7.5,-1.0,RS41-SG,403.800,9.1,0,8,2.8,-1,-1
2021-04-06T02:58:44.001Z,R5140539,2476,47.12415,15.97715,9710.2,3.1,44.8,72.5,-52.3,7.6,-1.0,RS41-SG,403.800,9.7,0,8,2.8,-1,-1
2021-04-06T02:58:50.001Z,R5140539,2482,47.12489,15.98055,9735.5,4.2,45.3,71.4,-52.4,7.7,-1.0,RS41-SG,403.800,11.0,0,8,2.8,-1,-1
2021-04-06T02:58:51.001Z,R5140539,2483,47.12502,15.98111,9739.3,3.6,45.1,71.0,-52.4,7.8,-1.0,RS41-SG,403.800,9.7,0,8,2.8,-1,-1
2021-04-06T02:58:57.001Z,R5140539,2489,47.12579,15.98445,9763.6,3.9,44.9,72.3,-52.6,7.9,-1.0,RS41-SG,403.800,8.7,0,8,2.8,-1,-1
